Log file open, 01/08/19 18:06:06
LogWindows: Failed to load 'aqProf.dll' (GetLastError=126)
LogWindows: File 'aqProf.dll' does not exist
LogWindows: Failed to load 'VtuneApi.dll' (GetLastError=126)
LogWindows: File 'VtuneApi.dll' does not exist
LogWindows: Failed to load 'VtuneApi32e.dll' (GetLastError=126)
LogWindows: File 'VtuneApi32e.dll' does not exist
LogInit: Display: Running engine for game: BattleCodeVisualizer
LogPlatformFile: Not using cached read wrapper
LogInit: Display: RandInit(1960995692) SRandInit(1960995692).
LogInit: Read version file with build ID '3709383'
LogInit: Overriding engine version to CL 3832480, compatible CL 3709383
LogInit: Registered custom module enumerator with build ID '3709383'
LogTaskGraph: Started task graph with 5 named threads and 14 total threads with 3 sets of task threads.
LogStats: Stats thread started at 0.221011
LogD3D11RHI: Aftermath initialized
LogModuleManager: Display: Found up-to-date module file ../../../Engine/Plugins/2D/Paper2D/Binaries/Win64/UE4Editor-Paper2D.dll (API version 3709383).
LogModuleManager: Display: Found up-to-date module file ../../../Engine/Plugins/2D/Paper2D/Binaries/Win64/UE4Editor-Paper2DEditor.dll (API version 3709383).
LogModuleManager: Display: Found up-to-date module file ../../../Engine/Plugins/2D/Paper2D/Binaries/Win64/UE4Editor-PaperSpriteSheetImporter.dll (API version 3709383).
LogModuleManager: Display: Found up-to-date module file ../../../Engine/Plugins/2D/Paper2D/Binaries/Win64/UE4Editor-PaperTiledImporter.dll (API version 3709383).
LogModuleManager: Display: Found up-to-date module file ../../../Engine/Plugins/2D/Paper2D/Binaries/Win64/UE4Editor-SmartSnapping.dll (API version 3709383).
LogModuleManager: Display: Found up-to-date module file ../../../Engine/Plugins/Blendables/LightPropagationVolume/Binaries/Win64/UE4Editor-LightPropagationVolumeRuntime.dll (API version 3709383).
LogModuleManager: Display: Found up-to-date module file ../../../Engine/Plugins/Blendables/LightPropagationVolume/Binaries/Win64/UE4Editor-LightPropagationVolumeEditor.dll (API version 3709383).
LogModuleManager: Display: Found up-to-date module file ../../../Engine/Plugins/Developer/GitSourceControl/Binaries/Win64/UE4Editor-GitSourceControl.dll (API version 3709383).
LogModuleManager: Display: Found up-to-date module file ../../../Engine/Plugins/Developer/PerforceSourceControl/Binaries/Win64/UE4Editor-PerforceSourceControl.dll (API version 3709383).
LogModuleManager: Display: Found up-to-date module file ../../../Engine/Plugins/Developer/SubversionSourceControl/Binaries/Win64/UE4Editor-SubversionSourceControl.dll (API version 3709383).
LogModuleManager: Display: Found up-to-date module file ../../../Engine/Plugins/Developer/UObjectPlugin/Binaries/Win64/UE4Editor-UObjectPlugin.dll (API version 3709383).
LogModuleManager: Display: Found up-to-date module file ../../../Engine/Plugins/Developer/VisualStudioCodeSourceCodeAccess/Binaries/Win64/UE4Editor-VisualStudioCodeSourceCodeAccess.dll (API version 3709383).
LogModuleManager: Display: Found up-to-date module file ../../../Engine/Plugins/Developer/VisualStudioSourceCodeAccess/Binaries/Win64/UE4Editor-VisualStudioSourceCodeAccess.dll (API version 3709383).
LogModuleManager: Display: Found up-to-date module file ../../../Engine/Plugins/Editor/AssetManagerEditor/Binaries/Win64/UE4Editor-AssetManagerEditor.dll (API version 3709383).
LogModuleManager: Display: Found up-to-date module file ../../../Engine/Plugins/Editor/AudioCapture/Binaries/Win64/UE4Editor-AudioCapture.dll (API version 3709383).
LogModuleManager: Display: Found up-to-date module file ../../../Engine/Plugins/Editor/FacialAnimation/Binaries/Win64/UE4Editor-FacialAnimation.dll (API version 3709383).
LogModuleManager: Display: Found up-to-date module file ../../../Engine/Plugins/Editor/FacialAnimation/Binaries/Win64/UE4Editor-FacialAnimationEditor.dll (API version 3709383).
LogModuleManager: Display: Found up-to-date module file ../../../Engine/Plugins/Editor/GameplayTagsEditor/Binaries/Win64/UE4Editor-GameplayTagsEditor.dll (API version 3709383).
LogModuleManager: Display: Found up-to-date module file ../../../Engine/Plugins/Editor/MobileLauncherProfileWizard/Binaries/Win64/UE4Editor-MobileLauncherProfileWizard.dll (API version 3709383).
LogModuleManager: Display: Found up-to-date module file ../../../Engine/Plugins/Editor/PluginBrowser/Binaries/Win64/UE4Editor-PluginBrowser.dll (API version 3709383).
LogModuleManager: Display: Found up-to-date module file ../../../Engine/Plugins/Editor/SpeedTreeImporter/Binaries/Win64/UE4Editor-SpeedTreeImporter.dll (API version 3709383).
LogModuleManager: Display: Found up-to-date module file ../../../Engine/Plugins/Experimental/AlembicImporter/Binaries/Win64/UE4Editor-AlembicImporter.dll (API version 3709383).
LogModuleManager: Display: Found up-to-date module file ../../../Engine/Plugins/Experimental/AlembicImporter/Binaries/Win64/UE4Editor-AlembicLibrary.dll (API version 3709383).
LogModuleManager: Display: Found up-to-date module file ../../../Engine/Plugins/Experimental/CharacterAI/Binaries/Win64/UE4Editor-CharacterAI.dll (API version 3709383).
LogModuleManager: Display: Found up-to-date module file ../../../Engine/Plugins/Experimental/HTML5Networking/Binaries/Win64/UE4Editor-HTML5Networking.dll (API version 3709383).
LogModuleManager: Display: Found up-to-date module file ../../../Engine/Plugins/Media/AndroidMedia/Binaries/Win64/UE4Editor-AndroidMediaEditor.dll (API version 3709383).
LogModuleManager: Display: Found up-to-date module file ../../../Engine/Plugins/Media/AndroidMedia/Binaries/Win64/UE4Editor-AndroidMediaFactory.dll (API version 3709383).
LogModuleManager: Display: Found up-to-date module file ../../../Engine/Plugins/Media/AvfMedia/Binaries/Win64/UE4Editor-AvfMediaEditor.dll (API version 3709383).
LogModuleManager: Display: Found up-to-date module file ../../../Engine/Plugins/Media/AvfMedia/Binaries/Win64/UE4Editor-AvfMediaFactory.dll (API version 3709383).
LogModuleManager: Display: Found up-to-date module file ../../../Engine/Plugins/Media/AvfMedia/Binaries/Win64/UE4Editor-AvfMediaFactory.dll (API version 3709383).
LogModuleManager: Display: Found up-to-date module file ../../../Engine/Plugins/Media/ImgMedia/Binaries/Win64/UE4Editor-ImgMedia.dll (API version 3709383).
LogModuleManager: Display: Found up-to-date module file ../../../Engine/Plugins/Media/ImgMedia/Binaries/Win64/UE4Editor-ImgMediaEditor.dll (API version 3709383).
LogModuleManager: Display: Found up-to-date module file ../../../Engine/Plugins/Media/ImgMedia/Binaries/Win64/UE4Editor-ImgMediaFactory.dll (API version 3709383).
LogModuleManager: Display: Found up-to-date module file ../../../Engine/Plugins/Media/ImgMedia/Binaries/Win64/UE4Editor-ImgMediaFactory.dll (API version 3709383).
LogModuleManager: Display: Found up-to-date module file ../../../Engine/Plugins/Media/ImgMedia/Binaries/Win64/UE4Editor-OpenExrWrapper.dll (API version 3709383).
LogModuleManager: Display: Found up-to-date module file ../../../Engine/Plugins/Media/MediaCompositing/Binaries/Win64/UE4Editor-MediaCompositing.dll (API version 3709383).
LogModuleManager: Display: Found up-to-date module file ../../../Engine/Plugins/Media/MediaCompositing/Binaries/Win64/UE4Editor-MediaCompositingEditor.dll (API version 3709383).
LogModuleManager: Display: Found up-to-date module file ../../../Engine/Plugins/Media/MediaPlayerEditor/Binaries/Win64/UE4Editor-MediaPlayerEditor.dll (API version 3709383).
LogModuleManager: Display: Found up-to-date module file ../../../Engine/Plugins/Media/WmfMedia/Binaries/Win64/UE4Editor-WmfMedia.dll (API version 3709383).
LogModuleManager: Display: Found up-to-date module file ../../../Engine/Plugins/Media/WmfMedia/Binaries/Win64/UE4Editor-WmfMediaEditor.dll (API version 3709383).
LogModuleManager: Display: Found up-to-date module file ../../../Engine/Plugins/Media/WmfMedia/Binaries/Win64/UE4Editor-WmfMediaFactory.dll (API version 3709383).
LogModuleManager: Display: Found up-to-date module file ../../../Engine/Plugins/Media/WmfMedia/Binaries/Win64/UE4Editor-WmfMediaFactory.dll (API version 3709383).
LogModuleManager: Display: Found up-to-date module file ../../../Engine/Plugins/Messaging/TcpMessaging/Binaries/Win64/UE4Editor-TcpMessaging.dll (API version 3709383).
LogModuleManager: Display: Found up-to-date module file ../../../Engine/Plugins/Messaging/UdpMessaging/Binaries/Win64/UE4Editor-UdpMessaging.dll (API version 3709383).
LogModuleManager: Display: Found up-to-date module file ../../../Engine/Plugins/MovieScene/ActorSequence/Binaries/Win64/UE4Editor-ActorSequence.dll (API version 3709383).
LogModuleManager: Display: Found up-to-date module file ../../../Engine/Plugins/MovieScene/LevelSequenceEditor/Binaries/Win64/UE4Editor-LevelSequenceEditor.dll (API version 3709383).
LogModuleManager: Display: Found up-to-date module file ../../../Engine/Plugins/MovieScene/MatineeToLevelSequence/Binaries/Win64/UE4Editor-MatineeToLevelSequence.dll (API version 3709383).
LogModuleManager: Display: Found up-to-date module file ../../../Engine/Plugins/Online/OnlineSubsystem/Binaries/Win64/UE4Editor-OnlineSubsystem.dll (API version 3709383).
LogModuleManager: Display: Found up-to-date module file ../../../Engine/Plugins/Runtime/AndroidPermission/Binaries/Win64/UE4Editor-AndroidPermission.dll (API version 3709383).
LogModuleManager: Display: Found up-to-date module file ../../../Engine/Plugins/Online/OnlineSubsystemNull/Binaries/Win64/UE4Editor-OnlineSubsystemNull.dll (API version 3709383).
LogModuleManager: Display: Found up-to-date module file ../../../Engine/Plugins/Online/OnlineSubsystemUtils/Binaries/Win64/UE4Editor-OnlineSubsystemUtils.dll (API version 3709383).
LogModuleManager: Display: Found up-to-date module file ../../../Engine/Plugins/Online/OnlineSubsystemUtils/Binaries/Win64/UE4Editor-OnlineBlueprintSupport.dll (API version 3709383).
LogModuleManager: Display: Found up-to-date module file ../../../Engine/Plugins/Runtime/AndroidDeviceProfileSelector/Binaries/Win64/UE4Editor-AndroidDeviceProfileSelector.dll (API version 3709383).
LogModuleManager: Display: Found up-to-date module file ../../../Engine/Plugins/Runtime/AppleARKit/Binaries/Win64/UE4Editor-AppleARKit.dll (API version 3709383).
LogModuleManager: Display: Found up-to-date module file ../../../Engine/Plugins/Runtime/ArchVisCharacter/Binaries/Win64/UE4Editor-ArchVisCharacter.dll (API version 3709383).
LogModuleManager: Display: Found up-to-date module file ../../../Engine/Plugins/Runtime/CableComponent/Binaries/Win64/UE4Editor-CableComponent.dll (API version 3709383).
LogModuleManager: Display: Found up-to-date module file ../../../Engine/Plugins/Runtime/CustomMeshComponent/Binaries/Win64/UE4Editor-CustomMeshComponent.dll (API version 3709383).
LogModuleManager: Display: Found up-to-date module file ../../../Engine/Plugins/Runtime/ExampleDeviceProfileSelector/Binaries/Win64/UE4Editor-ExampleDeviceProfileSelector.dll (API version 3709383).
LogModuleManager: Display: Found up-to-date module file ../../../Engine/Plugins/Runtime/ImmediatePhysics/Binaries/Win64/UE4Editor-ImmediatePhysics.dll (API version 3709383).
LogModuleManager: Display: Found up-to-date module file ../../../Engine/Plugins/Runtime/ImmediatePhysics/Binaries/Win64/UE4Editor-ImmediatePhysicsEditor.dll (API version 3709383).
LogModuleManager: Display: Found up-to-date module file ../../../Engine/Plugins/Runtime/LocationServicesBPLibrary/Binaries/Win64/UE4Editor-LocationServicesBPLibrary.dll (API version 3709383).
LogModuleManager: Display: Found up-to-date module file ../../../Engine/Plugins/Runtime/MobilePatchingUtils/Binaries/Win64/UE4Editor-MobilePatchingUtils.dll (API version 3709383).
LogModuleManager: Display: Found up-to-date module file ../../../Engine/Plugins/Runtime/Oculus/OculusVR/Binaries/Win64/UE4Editor-OculusHMD.dll (API version 3709383).
LogModuleManager: Display: Found up-to-date module file ../../../Engine/Plugins/Runtime/Oculus/OculusVR/Binaries/Win64/UE4Editor-OculusInput.dll (API version 3709383).
LogModuleManager: Display: Found up-to-date module file ../../../Engine/Plugins/Runtime/Oculus/OculusVR/Binaries/Win64/UE4Editor-OculusEditor.dll (API version 3709383).
LogModuleManager: Display: Found up-to-date module file ../../../Engine/Plugins/Runtime/PhysXVehicles/Binaries/Win64/UE4Editor-PhysXVehicles.dll (API version 3709383).
LogModuleManager: Display: Found up-to-date module file ../../../Engine/Plugins/Runtime/PhysXVehicles/Binaries/Win64/UE4Editor-PhysXVehiclesEditor.dll (API version 3709383).
LogModuleManager: Display: Found up-to-date module file ../../../Engine/Plugins/Runtime/ProceduralMeshComponent/Binaries/Win64/UE4Editor-ProceduralMeshComponent.dll (API version 3709383).
LogModuleManager: Display: Found up-to-date module file ../../../Engine/Plugins/Runtime/ProceduralMeshComponent/Binaries/Win64/UE4Editor-ProceduralMeshComponentEditor.dll (API version 3709383).
LogModuleManager: Display: Found up-to-date module file ../../../Engine/Plugins/Runtime/RuntimePhysXCooking/Binaries/Win64/UE4Editor-RuntimePhysXCooking.dll (API version 3709383).
LogModuleManager: Display: Found up-to-date module file ../../../Engine/Plugins/Runtime/Steam/SteamVR/Binaries/Win64/UE4Editor-SteamVR.dll (API version 3709383).
LogModuleManager: Display: Found up-to-date module file ../../../Engine/Plugins/Runtime/Steam/SteamVR/Binaries/Win64/UE4Editor-SteamVRController.dll (API version 3709383).
LogModuleManager: Display: Found up-to-date module file ../../../Engine/Plugins/Runtime/WindowsMoviePlayer/Binaries/Win64/UE4Editor-WindowsMoviePlayer.dll (API version 3709383).
LogPluginManager: Mounting plugin Paper2D
LogPluginManager: Mounting plugin LightPropagationVolume
LogPluginManager: Mounting plugin CodeLiteSourceCodeAccess
LogPluginManager: Mounting plugin GitSourceControl
LogPluginManager: Mounting plugin KDevelopSourceCodeAccess
LogPluginManager: Mounting plugin NullSourceCodeAccess
LogPluginManager: Mounting plugin PerforceSourceControl
LogPluginManager: Mounting plugin SubversionSourceControl
LogPluginManager: Mounting plugin UObjectPlugin
LogPluginManager: Mounting plugin VisualStudioCodeSourceCodeAccess
LogPluginManager: Mounting plugin VisualStudioSourceCodeAccess
LogPluginManager: Mounting plugin XCodeSourceCodeAccess
LogPluginManager: Mounting plugin AssetManagerEditor
LogPluginManager: Mounting plugin AudioCapture
LogPluginManager: Mounting plugin FacialAnimation
LogPluginManager: Mounting plugin GameplayTagsEditor
LogPluginManager: Mounting plugin MobileLauncherProfileWizard
LogPluginManager: Mounting plugin PluginBrowser
LogPluginManager: Mounting plugin SpeedTreeImporter
LogPluginManager: Mounting plugin AlembicImporter
LogPluginManager: Mounting plugin CharacterAI
LogPluginManager: Mounting plugin HTML5Networking
LogPluginManager: Mounting plugin AndroidMedia
LogPluginManager: Mounting plugin AvfMedia
LogPluginManager: Mounting plugin ImgMedia
LogPluginManager: Mounting plugin MediaCompositing
LogPluginManager: Mounting plugin MediaPlayerEditor
LogPluginManager: Mounting plugin WmfMedia
LogPluginManager: Mounting plugin TcpMessaging
LogPluginManager: Mounting plugin UdpMessaging
LogPluginManager: Mounting plugin ActorSequence
LogPluginManager: Mounting plugin LevelSequenceEditor
LogPluginManager: Mounting plugin MatineeToLevelSequence
LogPluginManager: Mounting plugin OnlineSubsystemGooglePlay
LogPluginManager: Mounting plugin OnlineSubsystemIOS
LogPluginManager: Mounting plugin OnlineSubsystem
LogPluginManager: Mounting plugin OnlineSubsystemNull
LogPluginManager: Mounting plugin OnlineSubsystemUtils
LogPluginManager: Mounting plugin AndroidDeviceProfileSelector
LogPluginManager: Mounting plugin AndroidMoviePlayer
LogPluginManager: Mounting plugin AndroidPermission
LogPluginManager: Mounting plugin AppleARKit
LogPluginManager: Mounting plugin AppleMoviePlayer
LogPluginManager: Mounting plugin ArchVisCharacter
LogPluginManager: Mounting plugin CableComponent
LogPluginManager: Mounting plugin CustomMeshComponent
LogPluginManager: Mounting plugin ExampleDeviceProfileSelector
LogPluginManager: Mounting plugin GoogleCloudMessaging
LogPluginManager: Mounting plugin ImmediatePhysics
LogPluginManager: Mounting plugin IOSDeviceProfileSelector
LogPluginManager: Mounting plugin LinuxDeviceProfileSelector
LogPluginManager: Mounting plugin LocationServicesBPLibrary
LogPluginManager: Mounting plugin MobilePatchingUtils
LogPluginManager: Mounting plugin OculusVR
LogPluginManager: Plugin shader directory ../../../Engine/Plugins/Runtime/Oculus/OculusVR/Shaders found
LogPluginManager: Mapping shader source directory ../../../Engine/Plugins/Runtime/Oculus/OculusVR/Shaders to virtual directory /Plugin/OculusVR
LogPluginManager: Mounting plugin PhysXVehicles
LogPluginManager: Mounting plugin ProceduralMeshComponent
LogPluginManager: Mounting plugin RuntimePhysXCooking
LogPluginManager: Mounting plugin SteamVR
LogPluginManager: Mounting plugin WindowsMoviePlayer
LogInit: Using libcurl 7.47.1
LogInit:  - built for x86_64-pc-win32
LogInit:  - supports SSL with OpenSSL/1.0.2g
LogInit:  - supports HTTP deflate (compression) using libz 1.2.8
LogInit:  - other features:
LogInit:      CURL_VERSION_SSL
LogInit:      CURL_VERSION_LIBZ
LogInit:      CURL_VERSION_IPV6
LogInit:      CURL_VERSION_ASYNCHDNS
LogInit:      CURL_VERSION_LARGEFILE
LogInit:      CURL_VERSION_IDN
LogInit:  CurlRequestOptions (configurable via config and command line):
LogInit:  - bVerifyPeer = false  - Libcurl will NOT verify peer certificate
LogInit:  - bUseHttpProxy = false  - Libcurl will NOT use HTTP proxy
LogInit:  - bDontReuseConnections = false  - Libcurl will reuse connections
LogInit:  - CertBundlePath = nullptr  - Libcurl will use whatever was configured at build time.
LogInit: Build: ++UE4+Release-4.18-CL-3832480
LogInit: Engine Version: 4.18.3-3832480+++UE4+Release-4.18
LogInit: Compatible Engine Version: 4.18.0-3709383+++UE4+Release-4.18
LogInit: Net CL: 3709383
LogDevObjectVersion: Number of dev versions registered: 16
LogDevObjectVersion:   Dev-Blueprints (B0D832E4-1F89-4F0D-ACCF-7EB736FD4AA2): 10
LogDevObjectVersion:   Dev-Build (E1C64328-A22C-4D53-A36C-8E866417BD8C): 0
LogDevObjectVersion:   Dev-Core (375EC13C-06E4-48FB-B500-84F0262A717E): 2
LogDevObjectVersion:   Dev-Editor (E4B068ED-F494-42E9-A231-DA0B2E46BB41): 20
LogDevObjectVersion:   Dev-Framework (CFFC743F-43B0-4480-9391-14DF171D2073): 30
LogDevObjectVersion:   Dev-Mobile (B02B49B5-BB20-44E9-A304-32B752E40360): 0
LogDevObjectVersion:   Dev-Networking (A4E4105C-59A1-49B5-A7C5-40C4547EDFEE): 0
LogDevObjectVersion:   Dev-Online (39C831C9-5AE6-47DC-9A44-9C173E1C8E7C): 0
LogDevObjectVersion:   Dev-Physics (78F01B33-EBEA-4F98-B9B4-84EACCB95AA2): 0
LogDevObjectVersion:   Dev-Platform (6631380F-2D4D-43E0-8009-CF276956A95A): 0
LogDevObjectVersion:   Dev-Rendering (12F88B9F-8875-4AFC-A67C-D90C383ABD29): 20
LogDevObjectVersion:   Dev-Sequencer (7B5AE74C-D270-4C10-A958-57980B212A5A): 4
LogDevObjectVersion:   Dev-VR (D7296918-1DD6-4BDD-9DE2-64A83CC13884): 0
LogDevObjectVersion:   Dev-LoadTimes (C2A15278-BFE7-4AFE-6C17-90FF531DF755): 1
LogDevObjectVersion:   Private-Geometry (6EACA3D4-40EC-4CC1-B786-8BED09428FC5): 1
LogDevObjectVersion:   Dev-AnimPhys (29E575DD-E0A3-4627-9D10-D276232CDCEA): 12
LogInit: Compiled (64-bit): Jan 12 2018 02:04:55
LogInit: Compiled with Visual C++: 19.00.24215.01
LogInit: Build Configuration: Development
LogInit: Branch Name: ++UE4+Release-4.18
LogInit: Command line:  
LogInit: Base directory: C:/Program Files/Epic/UE_4.18/Engine/Binaries/Win64/
LogInit: Installed Engine Build: 1
LogInit: Presizing for max 8388607 objects, including 0 objects not considered by GC, pre-allocating 0 bytes for permanent pool.
LogInit: Object subsystem initialized
[2019.01.08-17.06.11:119][  0]LogInit: Selected Device Profile: [Windows]
[2019.01.08-17.06.11:119][  0]LogInit: Applying CVar settings loaded from the selected device profile: [Windows]
[2019.01.08-17.06.11:135][  0]LogInit: Computer: HM-W-29
[2019.01.08-17.06.11:135][  0]LogInit: User: rjanousch
[2019.01.08-17.06.11:135][  0]LogInit: CPU Page size=4096, Cores=4
[2019.01.08-17.06.11:135][  0]LogInit: High frequency timer resolution =10.000000 MHz
[2019.01.08-17.06.11:135][  0]LogMemory: Memory total: Physical=23.9GB (24GB approx)
[2019.01.08-17.06.11:135][  0]LogMemory: Platform Memory Stats for Windows
[2019.01.08-17.06.11:135][  0]LogMemory: Process Physical Memory: 272.94 MB used, 272.95 MB peak
[2019.01.08-17.06.11:135][  0]LogMemory: Process Virtual Memory: 269.74 MB used, 269.74 MB peak
[2019.01.08-17.06.11:135][  0]LogMemory: Physical Memory: 7531.21 MB used,  16977.43 MB free, 24508.64 MB total
[2019.01.08-17.06.11:136][  0]LogMemory: Virtual Memory: 4777.20 MB used,  16977.43 MB free, 134217728.00 MB total
[2019.01.08-17.06.11:639][  0]LogInit: Using OS detected language (de-DE).
[2019.01.08-17.06.11:639][  0]LogInit: Using OS detected locale (de-DE).
[2019.01.08-17.06.11:646][  0]LogTextLocalizationManager: No localization for 'de-DE' exists, so 'en' will be used for the language.
[2019.01.08-17.06.11:647][  0]LogTextLocalizationManager: No localization for 'de-DE' exists, so 'en' will be used for the locale.
[2019.01.08-17.06.12:192][  0]LogInit: Setting process to per monitor DPI aware
[2019.01.08-17.06.12:700][  0]LogD3D11RHI: D3D11 adapters:
[2019.01.08-17.06.12:779][  0]LogD3D11RHI:    0. 'NVIDIA GeForce GTX 970' (Feature Level 11_0)
[2019.01.08-17.06.12:779][  0]LogD3D11RHI:       4058/0/12254 MB DedicatedVideo/DedicatedSystem/SharedSystem, Outputs:1, VendorId:0x10de
[2019.01.08-17.06.12:839][  0]LogD3D11RHI:    1. 'NVIDIA GeForce GTX 970' (Feature Level 11_0)
[2019.01.08-17.06.12:839][  0]LogD3D11RHI:       4058/0/12254 MB DedicatedVideo/DedicatedSystem/SharedSystem, Outputs:1, VendorId:0x10de
[2019.01.08-17.06.12:844][  0]LogD3D11RHI:    2. 'Microsoft Basic Render Driver' (Feature Level 11_0)
[2019.01.08-17.06.12:844][  0]LogD3D11RHI:       0/0/12254 MB DedicatedVideo/DedicatedSystem/SharedSystem, Outputs:0, VendorId:0x1414
[2019.01.08-17.06.12:844][  0]LogD3D11RHI: Chosen D3D11 Adapter: 0
[2019.01.08-17.06.12:857][  0]LogD3D11RHI: Creating new Direct3DDevice
[2019.01.08-17.06.12:857][  0]LogD3D11RHI:     GPU DeviceId: 0x13c2 (for the marketing name, search the web for "GPU Device Id")
[2019.01.08-17.06.12:857][  0]LogWindows: EnumDisplayDevices:
[2019.01.08-17.06.12:858][  0]LogWindows:    0. 'NVIDIA GeForce GTX 970' (P:0 D:1)
[2019.01.08-17.06.12:858][  0]LogWindows:    1. 'NVIDIA GeForce GTX 970' (P:0 D:0)
[2019.01.08-17.06.12:859][  0]LogWindows:    2. 'NVIDIA GeForce GTX 970' (P:0 D:0)
[2019.01.08-17.06.12:859][  0]LogWindows:    3. 'NVIDIA GeForce GTX 970' (P:0 D:0)
[2019.01.08-17.06.12:860][  0]LogWindows:    4. 'NVIDIA GeForce GTX 970' (P:1 D:1)
[2019.01.08-17.06.12:860][  0]LogWindows:    5. 'NVIDIA GeForce GTX 970' (P:0 D:0)
[2019.01.08-17.06.12:860][  0]LogWindows:    6. 'NVIDIA GeForce GTX 970' (P:0 D:0)
[2019.01.08-17.06.12:861][  0]LogWindows:    7. 'NVIDIA GeForce GTX 970' (P:0 D:0)
[2019.01.08-17.06.12:861][  0]LogWindows: DebugString: GetVideoDriverDetailsInvalid PrimaryIsNotTheChoosenAdapter GetVideoDriverDetailsInvalid PrimaryIsNotTheChoosenAdapter GetVideoDriverDetailsInvalid PrimaryIsNotTheChoosenAdapter GetVideoDriverDetailsInvalid PrimaryIsNotTheChoosenAdapter GetVideoDriverDetailsInvalid PrimaryIsNotTheChoosenAdapter GetVideoDriverDetailsInvalid PrimaryIsNotTheChoosenAdapter GetVideoDriverDetailsInvalid PrimaryIsNotTheChoosenAdapter GetVideoDriverDetailsInvalid PrimaryIsNotTheChoosenAdapter FoundDriverCount:0 
[2019.01.08-17.06.12:861][  0]LogD3D11RHI:     Adapter Name: NVIDIA GeForce GTX 970
[2019.01.08-17.06.12:861][  0]LogD3D11RHI:   Driver Version: Unknown (internal:Unknown, unified:Unknown)
[2019.01.08-17.06.12:861][  0]LogD3D11RHI:      Driver Date: Unknown
[2019.01.08-17.06.12:861][  0]LogRHI: Texture pool is 2840 MB (70% of 4058 MB)
[2019.01.08-17.06.12:903][  0]LogD3D11RHI: Async texture creation enabled
[2019.01.08-17.06.12:926][  0]LogD3D11RHI: GPU Timing Frequency: 1000.000000 (Debug: 2 2)
[2019.01.08-17.06.12:929][  0]LogShaderCompilers: Guid format shader working directory is -13 characters bigger than the processId version (D:/Programmierung/Unreal Projects/BattleCode19/BattleCodeVisualizer/Intermediate/Shaders/WorkingDirectory/13804/).
[2019.01.08-17.06.12:929][  0]LogShaderCompilers: Cleaned the shader compiler working directory 'C:/Users/r.janousch.000/AppData/Local/Temp/UnrealShaderWorkingDir/766220624C99D06BC3E12E85560D0E36/'.
[2019.01.08-17.06.12:929][  0]LogShaderCompilers: Display: Using Local Shader Compiler.
[2019.01.08-17.06.14:655][  0]LogTemp: Display: Loaded TP AllDesktopTargetPlatform
[2019.01.08-17.06.14:826][  0]LogTemp: Display: Loaded TP MacClientTargetPlatform
[2019.01.08-17.06.14:965][  0]LogTemp: Display: Loaded TP MacNoEditorTargetPlatform
[2019.01.08-17.06.15:107][  0]LogTemp: Display: Loaded TP MacServerTargetPlatform
[2019.01.08-17.06.15:247][  0]LogTemp: Display: Loaded TP MacTargetPlatform
[2019.01.08-17.06.15:391][  0]LogTemp: Display: Loaded TP WindowsClientTargetPlatform
[2019.01.08-17.06.15:530][  0]LogTemp: Display: Loaded TP WindowsNoEditorTargetPlatform
[2019.01.08-17.06.15:671][  0]LogTemp: Display: Loaded TP WindowsServerTargetPlatform
[2019.01.08-17.06.15:811][  0]LogTemp: Display: Loaded TP WindowsTargetPlatform
[2019.01.08-17.06.15:946][  0]LogTemp: Display: Loaded TP Android_ASTCTargetPlatform
[2019.01.08-17.06.16:084][  0]LogTemp: Display: Loaded TP Android_ATCTargetPlatform
[2019.01.08-17.06.16:221][  0]LogTemp: Display: Loaded TP Android_DXTTargetPlatform
[2019.01.08-17.06.16:368][  0]LogTemp: Display: Loaded TP Android_ETC1TargetPlatform
[2019.01.08-17.06.16:507][  0]LogTemp: Display: Loaded TP Android_ETC2TargetPlatform
[2019.01.08-17.06.16:812][  0]LogTemp: Display: Loaded TP Android_MultiTargetPlatform
[2019.01.08-17.06.16:812][  0]LogTemp: Display: Loaded TP Android_PVRTCTargetPlatform
[2019.01.08-17.06.16:944][  0]LogTemp: Display: Loaded TP AndroidTargetPlatform
[2019.01.08-17.06.17:066][  0]LogTemp: Display: Loaded TP HTML5TargetPlatform
[2019.01.08-17.06.17:273][  0]LogTemp: Display: Loaded TP IOSTargetPlatform
[2019.01.08-17.06.17:344][  0]LogTemp: Display: Loaded TP TVOSTargetPlatform
[2019.01.08-17.06.17:477][  0]LogTemp: Display: Loaded TP LinuxClientTargetPlatform
[2019.01.08-17.06.17:620][  0]LogTemp: Display: Loaded TP LinuxNoEditorTargetPlatform
[2019.01.08-17.06.17:752][  0]LogTemp: Display: Loaded TP LinuxServerTargetPlatform
[2019.01.08-17.06.17:900][  0]LogTemp: Display: Loaded TP LinuxTargetPlatform
[2019.01.08-17.06.17:900][  0]LogTargetPlatformManager: Display: Building Assets For Windows
[2019.01.08-17.06.19:496][  0]LogDerivedDataCache: Display: Max Cache Size: 512 MB
[2019.01.08-17.06.19:636][  0]LogDerivedDataCache: Loaded boot cache 0.14s 79MB C:/Users/r.janousch.000/AppData/Local/UnrealEngine/4.18/DerivedDataCache/Boot.ddc.
[2019.01.08-17.06.19:636][  0]LogDerivedDataCache: Display: Loaded Boot cache: C:/Users/r.janousch.000/AppData/Local/UnrealEngine/4.18/DerivedDataCache/Boot.ddc
[2019.01.08-17.06.19:636][  0]LogDerivedDataCache: FDerivedDataBackendGraph:  Pak pak cache file D:/Programmierung/Unreal Projects/BattleCode19/BattleCodeVisualizer/DerivedDataCache/DDC.ddp not found, will not use a pak cache.
[2019.01.08-17.06.19:636][  0]LogDerivedDataCache: Unable to find inner node Pak for hierarchical cache Hierarchy.
[2019.01.08-17.06.19:636][  0]LogDerivedDataCache: FDerivedDataBackendGraph:  CompressedPak pak cache file D:/Programmierung/Unreal Projects/BattleCode19/BattleCodeVisualizer/DerivedDataCache/Compressed.ddp not found, will not use a pak cache.
[2019.01.08-17.06.19:636][  0]LogDerivedDataCache: Unable to find inner node CompressedPak for hierarchical cache Hierarchy.
[2019.01.08-17.06.19:667][  0]LogDerivedDataCache: Display: Pak cache opened for reading ../../../Engine/DerivedDataCache/Compressed.ddp.
[2019.01.08-17.06.19:680][  0]LogDerivedDataCache: Using Local data cache path C:/Users/r.janousch.000/AppData/Local/UnrealEngine/Common/DerivedDataCache: Writable
[2019.01.08-17.06.19:694][  0]LogMaterial: Verifying Global Shaders for PCD3D_SM5
[2019.01.08-17.06.19:694][  0]LogSlate: Using Freetype 2.6.0
[2019.01.08-17.06.19:695][  0]LogSlate: SlateFontCache - WITH_FREETYPE: 1, WITH_HARFBUZZ: 1
[2019.01.08-17.06.19:695][  0]LogSlate: SlateFontCache - WITH_FREETYPE: 1, WITH_HARFBUZZ: 1
[2019.01.08-17.06.20:392][  0]LogInit: Selected Device Profile: [Windows]
[2019.01.08-17.06.21:247][  0]LogSimplygon: Simplygon DLL not present - disabling.
[2019.01.08-17.06.21:379][  0]LogMeshReduction: Using SimplygonSwarm for distributed automatic mesh merging
[2019.01.08-17.06.21:379][  0]LogMeshReduction: Using QuadricMeshReduction for automatic static mesh reduction
[2019.01.08-17.06.21:379][  0]LogMeshReduction: No automatic skeletal mesh reduction module available
[2019.01.08-17.06.21:379][  0]LogMeshReduction: No automatic mesh merging module available
[2019.01.08-17.06.21:379][  0]LogMeshMerging: No automatic mesh merging module available
[2019.01.08-17.06.21:429][  0]LogNetVersion: BattleCodeVisualizer , NetCL: 3709383, EngineNetVer: 2, GameNetVer: 0 (Checksum: 2884881501)
[2019.01.08-17.06.21:750][  0]LogAssetRegistry: FAssetRegistry took 0.0283 seconds to start up
[2019.01.08-17.06.22:843][  0]LogPackageLocalizationCache: Processed 7 localized package path(s) for 1 prioritized culture(s) in 0.043732 seconds
[2019.01.08-17.06.22:850][  0]LogUObjectArray: 35870 objects as part of root set at end of initial load.
[2019.01.08-17.06.22:850][  0]LogUObjectAllocator: 7363696 out of 0 bytes used by permanent object pool.
[2019.01.08-17.06.22:850][  0]LogUObjectArray: CloseDisregardForGC: 0/0 objects in disregard for GC pool
[2019.01.08-17.06.23:076][  0]LogInit: WinSock: version 1.1 (2.2), MaxSocks=32767, MaxUdp=65467
[2019.01.08-17.06.29:922][  0]LogTcpMessaging: Initializing TcpMessaging bridge
[2019.01.08-17.06.30:013][  0]LogUdpMessaging: Initializing bridge on interface 0.0.0.0:0 to multicast group 230.0.0.1:6666.
[2019.01.08-17.06.31:990][  0]LogMaterial: Uniform references updated for custom material expression Custom.
[2019.01.08-17.06.33:179][  0]SourceControl: Source control is disabled
[2019.01.08-17.06.33:180][  0]SourceControl: Source control is disabled
[2019.01.08-17.06.33:330][  0]SourceControl: Source control is disabled
[2019.01.08-17.06.33:494][  0]SourceControl: Source control is disabled
[2019.01.08-17.06.36:103][  0]LogAndroidPermission: UAndroidPermissionCallbackProxy::GetInstance
[2019.01.08-17.06.36:954][  0]LogOcInput: OculusInput pre-init called
[2019.01.08-17.06.37:927][  0]LogEngine: Initializing Engine...
[2019.01.08-17.06.38:063][  0]LogHMD: SteamVR initialized.  Driver: lighthouse  Display: LHR-7BCD1BEF
[2019.01.08-17.06.38:453][  0]LogStats: UGameplayTagsManager::ConstructGameplayTagTree: Construct from data asset -  0.000 s
[2019.01.08-17.06.38:453][  0]LogStats: UGameplayTagsManager::ConstructGameplayTagTree: GameplayTagTreeChangedEvent.Broadcast -  0.000 s
[2019.01.08-17.06.39:128][  0]LogAIModule: Creating AISystem for world Untitled
[2019.01.08-17.06.39:222][  0]LogInit: XAudio2 using 'Kopfhörer (2- KOTION 3505 Stereo)' : 2 channels at 44.1 kHz using 16 bits per sample (channel mask 0x3)
[2019.01.08-17.06.39:291][  0]LogInit: FAudioDevice initialized.
[2019.01.08-17.06.39:413][  0]LogDerivedDataCache: Saved boot cache 0.12s 78MB C:/Users/r.janousch.000/AppData/Local/UnrealEngine/4.18/DerivedDataCache/Boot.ddc.
[2019.01.08-17.06.39:436][  0]LogInit: Texture streaming: Enabled
[2019.01.08-17.06.39:849][  0]LogEngineSessionManager: EngineSessionManager initialized
[2019.01.08-17.06.40:462][  0]LogInit: Transaction tracking system initialized
[2019.01.08-17.06.41:564][  0]BlueprintLog: New page: Editor Load
[2019.01.08-17.06.45:319][  0]LocalizationService: Localization service is disabled
[2019.01.08-17.06.48:331][  0]LogConsoleResponse: Display: 
[2019.01.08-17.06.48:693][  0]LogCook: Display: Max memory allowance for cook 16384mb min free memory 0mb
[2019.01.08-17.06.48:693][  0]LogCook: Display: Mobile HDR setting 1
[2019.01.08-17.06.48:693][  0]LogGameplayTags: Display: UGameplayTagsManager::DoneAddingNativeTags. DelegateIsBound: 0
[2019.01.08-17.06.48:769][  0]LogFileCache: Scanning file cache for directory 'D:/Programmierung/Unreal Projects/BattleCode19/BattleCodeVisualizer/Content/' took 0.01s
[2019.01.08-17.06.52:539][  0]SourceControl: Source control is disabled
[2019.01.08-17.06.52:539][  0]Cmd: MAP LOAD FILE="D:/Programmierung/Unreal Projects/BattleCode19/BattleCodeVisualizer/Content/TopDownBP/Maps/TopDownExampleMap.umap" TEMPLATE=0 SHOWPROGRESS=1 FEATURELEVEL=3
[2019.01.08-17.06.52:540][  0]LightingResults: New page: Lighting Build
[2019.01.08-17.06.52:671][  0]MapCheck: New page: Map Check
[2019.01.08-17.06.52:672][  0]LightingResults: New page: Lighting Build
[2019.01.08-17.06.53:233][  0]LogAIModule: Creating AISystem for world TopDownExampleMap
[2019.01.08-17.06.53:247][  0]LogEditorServer: Finished looking for orphan Actors (0.000 secs)
[2019.01.08-17.06.53:270][  0]Cmd: MAP CHECKDEP NOCLEARLOG
[2019.01.08-17.06.53:387][  0]MapCheck: Map check complete: 0 Error(s), 0 Warning(s), took 117.681ms to complete.
[2019.01.08-17.06.53:387][  0]LogFileHelpers: Loading map 'TopDownExampleMap' took 0.848
[2019.01.08-17.06.53:562][  0]LogCollectionManager: Loaded 0 collections in 0.003440 seconds
[2019.01.08-17.06.53:737][  0]LogFileCache: Scanning file cache for directory 'D:/Programmierung/Unreal Projects/BattleCode19/BattleCodeVisualizer/Saved/Collections/' took 0.01s
[2019.01.08-17.06.53:737][  0]LogFileCache: Scanning file cache for directory 'D:/Programmierung/Unreal Projects/BattleCode19/BattleCodeVisualizer/Content/Developers/rjanousch/Collections/' took 0.01s
[2019.01.08-17.06.53:737][  0]LogFileCache: Scanning file cache for directory 'D:/Programmierung/Unreal Projects/BattleCode19/BattleCodeVisualizer/Content/Collections/' took 0.01s
[2019.01.08-17.06.53:738][  0]LogCollectionManager: Rebuilt the GUID cache for 0 collections in 0.000000 seconds
[2019.01.08-17.06.53:750][  0]LogContentBrowser: Native class hierarchy populated in 0.0118 seconds. Added 2363 classes and 519 folders.
[2019.01.08-17.06.53:966][  0]LogContentBrowser: Native class hierarchy updated for 'WidgetCarousel' in 0.0003 seconds. Added 0 classes and 0 folders.
[2019.01.08-17.06.54:047][  0]LogContentBrowser: Native class hierarchy updated for 'AddContentDialog' in 0.0004 seconds. Added 0 classes and 0 folders.
[2019.01.08-17.06.54:231][  0]LogContentBrowser: Native class hierarchy updated for 'SceneOutliner' in 0.0003 seconds. Added 1 classes and 2 folders.
[2019.01.08-17.06.54:323][  0]LogSlate: Took 0.000845 seconds to synchronously load lazily loaded font '../../../Engine/Content/Slate/Fonts/Roboto-Regular.ttf' (155K)
[2019.01.08-17.06.54:337][  0]LogSlate: Took 0.000524 seconds to synchronously load lazily loaded font '../../../Engine/Content/Editor/Slate/Fonts/FontAwesome.ttf' (139K)
[2019.01.08-17.06.54:338][  0]LogSlate: Took 0.000280 seconds to synchronously load lazily loaded font '../../../Engine/Content/Slate/Fonts/Roboto-Bold.ttf' (160K)
[2019.01.08-17.06.54:343][  0]LogSlate: Took 0.000307 seconds to synchronously load lazily loaded font '../../../Engine/Content/Editor/Slate/Fonts/DroidSansMono.ttf' (77K)
[2019.01.08-17.06.54:498][  0]LogRenderer: Reallocating scene render targets to support 1160x688 Format 10 NumSamples 1 (Frame:1).
[2019.01.08-17.06.54:798][  0]LogContentBrowser: Native class hierarchy updated for 'HierarchicalLODOutliner' in 0.0003 seconds. Added 1 classes and 2 folders.
[2019.01.08-17.06.54:799][  0]LogLoad: (Engine Initialization) Total time: 49.38 seconds
[2019.01.08-17.06.54:799][  0]LogLoad: (Engine Initialization) Total Blueprint compile time: 0.00 seconds
[2019.01.08-17.06.54:799][  0]LogExternalProfiler: Found external profiler: VSPerf
[2019.01.08-17.06.54:799][  0]LogExternalProfiler: Using external profiler: VSPerf
[2019.01.08-17.06.55:156][  0]LogContentStreaming: Texture pool size now 1000 MB
[2019.01.08-17.06.55:181][  0]LogSlate: Took 0.000354 seconds to synchronously load lazily loaded font '../../../Engine/Content/Slate/Fonts/Roboto-Light.ttf' (159K)
[2019.01.08-17.06.55:491][  1]LogAssetRegistry: Asset discovery search completed in 33.7619 seconds
[2019.01.08-17.06.55:492][  1]LogCollectionManager: Rebuilt the object cache for 0 collections in 0.000000 seconds (found 0 objects)
[2019.01.08-17.06.55:493][  1]LogCollectionManager: Fixed up redirectors for 0 collections in 0.000211 seconds (updated 0 objects)
[2019.01.08-17.06.57:500][  7]LogDirectoryWatcher: Warning: Failed to begin reading directory changes for D:/Programmierung/Unreal Projects/BattleCode19/BattleCodeVisualizer/Plugins/. Error: Das System kann die angegebene Datei nicht finden. (0x00000002)
[2019.01.08-17.07.01:158][332]Cmd: CLOSE_SLATE_MAINFRAME
[2019.01.08-17.07.01:223][332]LogDirectoryWatcher: A directory notification for '../../../Engine/Plugins/' was aborted.
[2019.01.08-17.07.01:225][332]LogWindowsTextInputMethodSystem: Display: IME system now deactivated.
[2019.01.08-17.07.01:490][333]Cmd: QUIT_EDITOR
[2019.01.08-17.07.01:581][333]LogExit: Preparing to exit.
[2019.01.08-17.07.02:184][333]LogExit: Editor shut down
[2019.01.08-17.07.02:188][333]LogExit: Transaction tracking system shut down
[2019.01.08-17.07.02:444][333]LogDirectoryWatcher: A directory notification for '../../../Engine/Content/' was aborted.
[2019.01.08-17.07.02:444][333]LogDirectoryWatcher: A directory notification for 'D:/Programmierung/Unreal Projects/BattleCode19/BattleCodeVisualizer/Content/' was aborted.
[2019.01.08-17.07.02:445][333]LogDirectoryWatcher: A directory notification for '../../../Engine/Plugins/2D/Paper2D/Content/' was aborted.
[2019.01.08-17.07.02:445][333]LogDirectoryWatcher: A directory notification for '../../../Engine/Plugins/Media/MediaCompositing/Content/' was aborted.
[2019.01.08-17.07.02:445][333]LogDirectoryWatcher: A directory notification for '../../../Engine/Plugins/Runtime/AppleARKit/Content/' was aborted.
[2019.01.08-17.07.02:445][333]LogDirectoryWatcher: A directory notification for '../../../Engine/Plugins/Runtime/Oculus/OculusVR/Content/' was aborted.
[2019.01.08-17.07.02:445][333]LogDirectoryWatcher: A directory notification for '../../../Engine/Plugins/Runtime/Steam/SteamVR/Content/' was aborted.
[2019.01.08-17.07.02:544][333]LogExit: Object subsystem successfully closed.
[2019.01.08-17.07.02:683][333]LogD3D11RHI: Shutdown
[2019.01.08-17.07.02:683][333]LogD3D11RHI: CleanupD3DDevice
[2019.01.08-17.07.02:691][333]LogD3D11RHI: ~FD3D11DynamicRHI
[2019.01.08-17.07.02:739][333]LogModuleManager: Shutting down and abandoning module HierarchicalLODOutliner (548)
[2019.01.08-17.07.02:739][333]LogModuleManager: Shutting down and abandoning module SceneOutliner (546)
[2019.01.08-17.07.02:739][333]LogModuleManager: Shutting down and abandoning module AddContentDialog (544)
[2019.01.08-17.07.02:739][333]LogDirectoryWatcher: A directory notification for 'C:/Program Files/Epic/UE_4.18/FeaturePacks/' was aborted.
[2019.01.08-17.07.02:740][333]LogModuleManager: Shutting down and abandoning module WidgetCarousel (543)
[2019.01.08-17.07.02:740][333]LogModuleManager: Shutting down and abandoning module EditorWidgets (540)
[2019.01.08-17.07.02:740][333]LogModuleManager: Shutting down and abandoning module CollectionManager (538)
[2019.01.08-17.07.02:740][333]LogDirectoryWatcher: A directory notification for 'D:/Programmierung/Unreal Projects/BattleCode19/BattleCodeVisualizer/Content/Collections/' was aborted.
[2019.01.08-17.07.02:740][333]LogDirectoryWatcher: A directory notification for 'D:/Programmierung/Unreal Projects/BattleCode19/BattleCodeVisualizer/Content/Developers/rjanousch/Collections/' was aborted.
[2019.01.08-17.07.02:740][333]LogDirectoryWatcher: A directory notification for 'D:/Programmierung/Unreal Projects/BattleCode19/BattleCodeVisualizer/Saved/Collections/' was aborted.
[2019.01.08-17.07.02:741][333]LogModuleManager: Shutting down and abandoning module StatsViewer (536)
[2019.01.08-17.07.02:742][333]LogModuleManager: Shutting down and abandoning module FoliageEdit (534)
[2019.01.08-17.07.02:742][333]LogModuleManager: Shutting down and abandoning module LandscapeEditor (532)
[2019.01.08-17.07.02:742][333]LogModuleManager: Shutting down and abandoning module MeshPaintMode (530)
[2019.01.08-17.07.02:742][333]LogModuleManager: Shutting down and abandoning module SceneDepthPickerMode (528)
[2019.01.08-17.07.02:742][333]LogModuleManager: Shutting down and abandoning module ActorPickerMode (526)
[2019.01.08-17.07.02:742][333]LogModuleManager: Shutting down and abandoning module GeometryMode (524)
[2019.01.08-17.07.02:742][333]LogModuleManager: Shutting down and abandoning module TextureAlignMode (522)
[2019.01.08-17.07.02:742][333]LogModuleManager: Shutting down and abandoning module BspMode (520)
[2019.01.08-17.07.02:742][333]LogModuleManager: Shutting down and abandoning module PIEPreviewDeviceProfileSelector (518)
[2019.01.08-17.07.02:742][333]LogModuleManager: Shutting down and abandoning module HardwareSurvey (516)
[2019.01.08-17.07.02:742][333]LogModuleManager: Shutting down and abandoning module SequenceRecorderSections (514)
[2019.01.08-17.07.02:742][333]LogModuleManager: Shutting down and abandoning module AutomationWorker (512)
[2019.01.08-17.07.02:742][333]LogModuleManager: Shutting down and abandoning module MatineeToLevelSequence (510)
[2019.01.08-17.07.02:742][333]LogModuleManager: Shutting down and abandoning module LevelSequenceEditor (508)
[2019.01.08-17.07.02:742][333]LogModuleManager: Shutting down and abandoning module PlacementMode (507)
[2019.01.08-17.07.02:743][333]LogModuleManager: Shutting down and abandoning module WmfMediaFactory (504)
[2019.01.08-17.07.02:743][333]LogModuleManager: Shutting down and abandoning module WmfMediaEditor (502)
[2019.01.08-17.07.02:743][333]LogModuleManager: Shutting down and abandoning module OpenExrWrapper (500)
[2019.01.08-17.07.02:743][333]LogModuleManager: Shutting down and abandoning module ImgMediaFactory (498)
[2019.01.08-17.07.02:743][333]LogModuleManager: Shutting down and abandoning module ImgMediaEditor (496)
[2019.01.08-17.07.02:743][333]LogModuleManager: Shutting down and abandoning module AvfMediaFactory (494)
[2019.01.08-17.07.02:743][333]LogModuleManager: Shutting down and abandoning module AvfMediaEditor (492)
[2019.01.08-17.07.02:743][333]LogModuleManager: Shutting down and abandoning module AndroidMediaFactory (490)
[2019.01.08-17.07.02:743][333]LogModuleManager: Shutting down and abandoning module AndroidMediaEditor (488)
[2019.01.08-17.07.02:743][333]LogModuleManager: Shutting down and abandoning module CharacterAI (486)
[2019.01.08-17.07.02:743][333]LogModuleManager: Shutting down and abandoning module AudioCapture (484)
[2019.01.08-17.07.02:743][333]LogModuleManager: Shutting down and abandoning module SequenceRecorder (483)
[2019.01.08-17.07.02:743][333]LogModuleManager: Shutting down and abandoning module SmartSnapping (480)
[2019.01.08-17.07.02:743][333]LogModuleManager: Shutting down and abandoning module SessionServices (478)
[2019.01.08-17.07.02:743][333]LogModuleManager: Shutting down and abandoning module ViewportSnapping (476)
[2019.01.08-17.07.02:743][333]LogModuleManager: Shutting down and abandoning module ViewportInteraction (474)
[2019.01.08-17.07.02:743][333]LogModuleManager: Shutting down and abandoning module ClothPainter (472)
[2019.01.08-17.07.02:743][333]LogModuleManager: Shutting down and abandoning module SkeletalMeshEditor (471)
[2019.01.08-17.07.02:743][333]LogModuleManager: Shutting down and abandoning module LogVisualizer (468)
[2019.01.08-17.07.02:743][333]LogModuleManager: Shutting down and abandoning module IntroTutorials (466)
[2019.01.08-17.07.02:743][333]LogModuleManager: Shutting down and abandoning module GameProjectGeneration (465)
[2019.01.08-17.07.02:743][333]LogModuleManager: Shutting down and abandoning module IOSPlatformEditor (462)
[2019.01.08-17.07.02:743][333]LogModuleManager: Shutting down and abandoning module HTML5PlatformEditor (460)
[2019.01.08-17.07.02:743][333]LogModuleManager: Shutting down and abandoning module AndroidPlatformEditor (458)
[2019.01.08-17.07.02:744][333]LogModuleManager: Shutting down and abandoning module AndroidDeviceDetection (457)
[2019.01.08-17.07.02:763][333]LogModuleManager: Shutting down and abandoning module WindowsPlatformEditor (454)
[2019.01.08-17.07.02:763][333]LogModuleManager: Shutting down and abandoning module IOSRuntimeSettings (452)
[2019.01.08-17.07.02:763][333]LogModuleManager: Shutting down and abandoning module AndroidRuntimeSettings (450)
[2019.01.08-17.07.02:763][333]LogModuleManager: Shutting down and abandoning module InputBindingEditor (448)
[2019.01.08-17.07.02:763][333]LogModuleManager: Shutting down and abandoning module MergeActors (446)
[2019.01.08-17.07.02:763][333]LogModuleManager: Shutting down and abandoning module SizeMap (444)
[2019.01.08-17.07.02:763][333]LogModuleManager: Shutting down and abandoning module TreeMap (442)
[2019.01.08-17.07.02:764][333]LogModuleManager: Shutting down and abandoning module ReferenceViewer (440)
[2019.01.08-17.07.02:764][333]LogModuleManager: Shutting down and abandoning module LocalizationDashboard (438)
[2019.01.08-17.07.02:764][333]LogModuleManager: Shutting down and abandoning module LocalizationService (437)
[2019.01.08-17.07.02:764][333]LogModuleManager: Shutting down and abandoning module HardwareTargeting (434)
[2019.01.08-17.07.02:764][333]LogModuleManager: Shutting down and abandoning module DeviceProfileEditor (432)
[2019.01.08-17.07.02:764][333]LogModuleManager: Shutting down and abandoning module UndoHistory (430)
[2019.01.08-17.07.02:764][333]LogModuleManager: Shutting down and abandoning module XmlParser (428)
[2019.01.08-17.07.02:764][333]LogModuleManager: Shutting down and abandoning module Blutility (426)
[2019.01.08-17.07.02:764][333]LogModuleManager: Shutting down and abandoning module ProjectSettingsViewer (424)
[2019.01.08-17.07.02:764][333]LogModuleManager: Shutting down and abandoning module ProjectTargetPlatformEditor (423)
[2019.01.08-17.07.02:764][333]LogModuleManager: Shutting down and abandoning module EditorSettingsViewer (420)
[2019.01.08-17.07.02:764][333]LogModuleManager: Shutting down and abandoning module SettingsEditor (418)
[2019.01.08-17.07.02:764][333]LogModuleManager: Shutting down and abandoning module ProjectLauncher (416)
[2019.01.08-17.07.02:764][333]LogModuleManager: Shutting down and abandoning module SessionFrontend (414)
[2019.01.08-17.07.02:764][333]LogModuleManager: Shutting down and abandoning module ProfilerClient (412)
[2019.01.08-17.07.02:764][333]LogModuleManager: Shutting down and abandoning module DeviceManager (410)
[2019.01.08-17.07.02:764][333]LogModuleManager: Shutting down and abandoning module TargetDeviceServices (409)
[2019.01.08-17.07.02:834][333]LogModuleManager: Shutting down and abandoning module AutomationController (406)
[2019.01.08-17.07.02:835][333]LogModuleManager: Shutting down and abandoning module AutomationWindow (404)
[2019.01.08-17.07.02:835][333]LogModuleManager: Shutting down and abandoning module Layers (402)
[2019.01.08-17.07.02:835][333]LogModuleManager: Shutting down and abandoning module ComponentVisualizers (400)
[2019.01.08-17.07.02:835][333]LogModuleManager: Shutting down and abandoning module DetailCustomizations (398)
[2019.01.08-17.07.02:835][333]LogModuleManager: Shutting down and abandoning module PackagesDialog (396)
[2019.01.08-17.07.02:835][333]LogModuleManager: Shutting down and abandoning module Persona (394)
[2019.01.08-17.07.02:835][333]LogModuleManager: Shutting down and abandoning module AdvancedPreviewScene (393)
[2019.01.08-17.07.02:835][333]LogModuleManager: Shutting down and abandoning module AnimGraph (391)
[2019.01.08-17.07.02:835][333]LogModuleManager: Shutting down and abandoning module Kismet (388)
[2019.01.08-17.07.02:835][333]LogModuleManager: Shutting down and abandoning module ClassViewer (386)
[2019.01.08-17.07.02:835][333]LogModuleManager: Shutting down and abandoning module Toolbox (384)
[2019.01.08-17.07.02:835][333]LogModuleManager: Shutting down and abandoning module ModuleUI (382)
[2019.01.08-17.07.02:836][333]LogModuleManager: Shutting down and abandoning module MovieSceneTools (380)
[2019.01.08-17.07.02:836][333]LogModuleManager: Shutting down and abandoning module OutputLog (378)
[2019.01.08-17.07.02:836][333]LogModuleManager: Shutting down and abandoning module GammaUI (376)
[2019.01.08-17.07.02:836][333]LogModuleManager: Shutting down and abandoning module Documentation (374)
[2019.01.08-17.07.02:836][333]LogModuleManager: Shutting down and abandoning module MovieSceneTracks (372)
[2019.01.08-17.07.02:836][333]LogModuleManager: Shutting down and abandoning module MovieScene (370)
[2019.01.08-17.07.02:836][333]LogModuleManager: Shutting down and abandoning module StreamingPauseRendering (368)
[2019.01.08-17.07.02:836][333]LogModuleManager: Shutting down and abandoning module LauncherPlatform (366)
[2019.01.08-17.07.02:836][333]LogModuleManager: Shutting down and abandoning module AnalyticsET (364)
[2019.01.08-17.07.02:836][333]LogModuleManager: Shutting down and abandoning module PortalServices (362)
[2019.01.08-17.07.02:836][333]LogModuleManager: Shutting down and abandoning module PortalRpc (360)
[2019.01.08-17.07.02:836][333]LogModuleManager: Shutting down and abandoning module MessagingRpc (358)
[2019.01.08-17.07.02:836][333]LogModuleManager: Shutting down and abandoning module AIModule (356)
[2019.01.08-17.07.02:836][333]LogModuleManager: Shutting down and abandoning module GameplayDebugger (355)
[2019.01.08-17.07.02:836][333]LogModuleManager: Shutting down and abandoning module AITestSuite (353)
[2019.01.08-17.07.02:836][333]LogModuleManager: Shutting down and abandoning module DesktopPlatform (350)
[2019.01.08-17.07.02:836][333]LogModuleManager: Shutting down and abandoning module ProfilerService (348)
[2019.01.08-17.07.02:969][333]LogModuleManager: Shutting down and abandoning module TaskGraph (346)
[2019.01.08-17.07.02:970][333]LogModuleManager: Shutting down and abandoning module SteamVRController (344)
[2019.01.08-17.07.02:970][333]LogModuleManager: Shutting down and abandoning module ProceduralMeshComponentEditor (342)
[2019.01.08-17.07.02:970][333]LogModuleManager: Shutting down and abandoning module ProceduralMeshComponent (340)
[2019.01.08-17.07.02:970][333]LogModuleManager: Shutting down and abandoning module OculusInput (338)
[2019.01.08-17.07.02:970][333]LogModuleManager: Shutting down and abandoning module MobilePatchingUtils (336)
[2019.01.08-17.07.02:970][333]LogModuleManager: Shutting down and abandoning module CustomMeshComponent (334)
[2019.01.08-17.07.02:970][333]LogModuleManager: Shutting down and abandoning module CableComponent (332)
[2019.01.08-17.07.02:970][333]LogModuleManager: Shutting down and abandoning module ArchVisCharacter (330)
[2019.01.08-17.07.02:970][333]LogModuleManager: Shutting down and abandoning module AndroidPermission (328)
[2019.01.08-17.07.02:970][333]LogModuleManager: Shutting down and abandoning module ActorSequence (324)
[2019.01.08-17.07.02:970][333]LogModuleManager: Shutting down and abandoning module MediaPlayerEditor (322)
[2019.01.08-17.07.02:970][333]LogModuleManager: Shutting down and abandoning module MediaCompositingEditor (320)
[2019.01.08-17.07.02:972][333]LogModuleManager: Shutting down and abandoning module MediaCompositing (318)
[2019.01.08-17.07.02:977][333]LogModuleManager: Shutting down and abandoning module HTML5Networking (316)
[2019.01.08-17.07.02:977][333]LogModuleManager: Shutting down and abandoning module AlembicImporter (314)
[2019.01.08-17.07.02:977][333]LogModuleManager: Shutting down and abandoning module AlembicLibrary (313)
[2019.01.08-17.07.02:977][333]LogModuleManager: Shutting down and abandoning module GeometryCache (312)
[2019.01.08-17.07.02:977][333]LogModuleManager: Shutting down and abandoning module GeometryCacheEd (311)
[2019.01.08-17.07.02:977][333]LogModuleManager: Shutting down and abandoning module SpeedTreeImporter (306)
[2019.01.08-17.07.02:977][333]LogModuleManager: Shutting down and abandoning module PluginBrowser (304)
[2019.01.08-17.07.02:978][333]LogModuleManager: Shutting down and abandoning module MobileLauncherProfileWizard (302)
[2019.01.08-17.07.02:978][333]LogModuleManager: Shutting down and abandoning module VisualStudioSourceCodeAccess (300)
[2019.01.08-17.07.02:978][333]LogModuleManager: Shutting down and abandoning module VisualStudioCodeSourceCodeAccess (298)
[2019.01.08-17.07.02:978][333]LogModuleManager: Shutting down and abandoning module UObjectPlugin (296)
[2019.01.08-17.07.02:978][333]LogModuleManager: Shutting down and abandoning module SubversionSourceControl (294)
[2019.01.08-17.07.02:978][333]LogModuleManager: Shutting down and abandoning module PerforceSourceControl (292)
[2019.01.08-17.07.02:978][333]LogModuleManager: Shutting down and abandoning module GitSourceControl (290)
[2019.01.08-17.07.02:978][333]LogModuleManager: Shutting down and abandoning module SourceControl (289)
[2019.01.08-17.07.02:978][333]LogModuleManager: Shutting down and abandoning module LightPropagationVolumeEditor (286)
[2019.01.08-17.07.02:978][333]LogModuleManager: Shutting down and abandoning module PaperTiledImporter (284)
[2019.01.08-17.07.02:978][333]LogModuleManager: Shutting down and abandoning module PaperSpriteSheetImporter (282)
[2019.01.08-17.07.02:978][333]LogModuleManager: Shutting down and abandoning module Paper2DEditor (280)
[2019.01.08-17.07.02:978][333]LogModuleManager: Shutting down and abandoning module MeshPaint (279)
[2019.01.08-17.07.02:978][333]LogModuleManager: Shutting down and abandoning module LevelEditor (277)
[2019.01.08-17.07.02:980][333]LogModuleManager: Shutting down and abandoning module PixelInspectorModule (276)
[2019.01.08-17.07.02:980][333]LogModuleManager: Shutting down and abandoning module MainFrame (274)
[2019.01.08-17.07.02:980][333]LogModuleManager: Shutting down and abandoning module HotReload (273)
[2019.01.08-17.07.02:980][333]LogModuleManager: Shutting down and abandoning module RuntimePhysXCooking (268)
[2019.01.08-17.07.02:980][333]LogModuleManager: Shutting down and abandoning module PhysXVehiclesEditor (266)
[2019.01.08-17.07.02:980][333]LogModuleManager: Shutting down and abandoning module PhysXVehicles (264)
[2019.01.08-17.07.02:980][333]LogModuleManager: Shutting down and abandoning module OculusEditor (262)
[2019.01.08-17.07.02:980][333]LogModuleManager: Shutting down and abandoning module LocationServicesBPLibrary (260)
[2019.01.08-17.07.02:981][333]LogModuleManager: Shutting down and abandoning module ImmediatePhysicsEditor (258)
[2019.01.08-17.07.02:981][333]LogModuleManager: Shutting down and abandoning module ImmediatePhysics (256)
[2019.01.08-17.07.02:981][333]LogModuleManager: Shutting down and abandoning module UdpMessaging (254)
[2019.01.08-17.07.03:082][333]LogModuleManager: Shutting down and abandoning module TcpMessaging (252)
[2019.01.08-17.07.03:183][333]LogModuleManager: Shutting down and abandoning module GameplayTagsEditor (250)
[2019.01.08-17.07.03:183][333]LogModuleManager: Shutting down and abandoning module FacialAnimationEditor (248)
[2019.01.08-17.07.03:183][333]LogModuleManager: Shutting down and abandoning module FacialAnimation (246)
[2019.01.08-17.07.03:183][333]LogModuleManager: Shutting down and abandoning module AssetManagerEditor (244)
[2019.01.08-17.07.03:183][333]LogModuleManager: Shutting down and abandoning module GraphEditor (243)
[2019.01.08-17.07.03:183][333]LogModuleManager: Shutting down and abandoning module ContentBrowser (241)
[2019.01.08-17.07.03:184][333]LogModuleManager: Shutting down and abandoning module LightPropagationVolumeRuntime (238)
[2019.01.08-17.07.03:184][333]LogModuleManager: Shutting down and abandoning module Paper2D (236)
[2019.01.08-17.07.03:184][333]LogModuleManager: Shutting down and abandoning module WindowsMoviePlayer (234)
[2019.01.08-17.07.03:184][333]LogModuleManager: Shutting down and abandoning module WmfMedia (232)
[2019.01.08-17.07.03:188][333]LogModuleManager: Shutting down and abandoning module ImgMedia (230)
[2019.01.08-17.07.03:189][333]LogModuleManager: Shutting down and abandoning module PacketHandler (228)
[2019.01.08-17.07.03:189][333]LogModuleManager: Shutting down and abandoning module ClothingSystemEditor (226)
[2019.01.08-17.07.03:189][333]LogModuleManager: Shutting down and abandoning module ClothingSystemRuntime (224)
[2019.01.08-17.07.03:189][333]LogModuleManager: Shutting down and abandoning module MediaAssets (222)
[2019.01.08-17.07.03:189][333]LogModuleManager: Shutting down and abandoning module Media (221)
[2019.01.08-17.07.03:195][333]LogModuleManager: Shutting down and abandoning module Overlay (218)
[2019.01.08-17.07.03:195][333]LogModuleManager: Shutting down and abandoning module OverlayEditor (217)
[2019.01.08-17.07.03:195][333]LogModuleManager: Shutting down and abandoning module VREditor (214)
[2019.01.08-17.07.03:195][333]LogModuleManager: Shutting down and abandoning module StringTableEditor (212)
[2019.01.08-17.07.03:195][333]LogModuleManager: Shutting down and abandoning module GameplayTasksEditor (210)
[2019.01.08-17.07.03:195][333]LogModuleManager: Shutting down and abandoning module BehaviorTreeEditor (208)
[2019.01.08-17.07.03:195][333]LogModuleManager: Shutting down and abandoning module FunctionalTesting (206)
[2019.01.08-17.07.03:195][333]LogModuleManager: Shutting down and abandoning module CollisionAnalyzer (204)
[2019.01.08-17.07.03:195][333]LogModuleManager: Shutting down and abandoning module WorkspaceMenuStructure (203)
[2019.01.08-17.07.03:195][333]LogModuleManager: Shutting down and abandoning module UMG (200)
[2019.01.08-17.07.03:196][333]LogModuleManager: Shutting down and abandoning module UMGEditor (199)
[2019.01.08-17.07.03:196][333]LogModuleManager: Shutting down and abandoning module Sequencer (198)
[2019.01.08-17.07.03:196][333]LogModuleManager: Shutting down and abandoning module MessageLog (195)
[2019.01.08-17.07.03:196][333]LogModuleManager: Shutting down and abandoning module SlateReflector (190)
[2019.01.08-17.07.03:196][333]LogModuleManager: Shutting down and abandoning module Slate (188)
[2019.01.08-17.07.03:196][333]LogModuleManager: Shutting down and abandoning module EditorStyle (186)
[2019.01.08-17.07.03:199][333]LogModuleManager: Shutting down and abandoning module MRMesh (184)
[2019.01.08-17.07.03:199][333]LogModuleManager: Shutting down and abandoning module SourceCodeAccess (182)
[2019.01.08-17.07.03:199][333]LogModuleManager: Shutting down and abandoning module HeadMountedDisplay (180)
[2019.01.08-17.07.03:199][333]LogModuleManager: Shutting down and abandoning module XAudio2 (178)
[2019.01.08-17.07.03:199][333]LogModuleManager: Shutting down and abandoning module Networking (176)
[2019.01.08-17.07.03:199][333]LogModuleManager: Shutting down and abandoning module Core (172)
[2019.01.08-17.07.03:199][333]LogModuleManager: Shutting down and abandoning module LevelSequence (168)
[2019.01.08-17.07.03:199][333]LogModuleManager: Shutting down and abandoning module DirectoryWatcher (166)
[2019.01.08-17.07.03:200][333]LogModuleManager: Shutting down and abandoning module KismetCompiler (164)
[2019.01.08-17.07.03:200][333]LogModuleManager: Shutting down and abandoning module MeshUtilities (162)
[2019.01.08-17.07.03:200][333]LogModuleManager: Shutting down and abandoning module MeshMergeUtilities (161)
[2019.01.08-17.07.03:200][333]LogModuleManager: Shutting down and abandoning module MeshReductionInterface (160)
[2019.01.08-17.07.03:200][333]LogModuleManager: Shutting down and abandoning module SimplygonSwarm (159)
[2019.01.08-17.07.03:200][333]LogModuleManager: Shutting down and abandoning module SimplygonMeshReduction (157)
[2019.01.08-17.07.03:200][333]LogModuleManager: Shutting down and abandoning module QuadricMeshReduction (155)
[2019.01.08-17.07.03:200][333]LogModuleManager: Shutting down and abandoning module MaterialBaking (151)
[2019.01.08-17.07.03:200][333]LogModuleManager: Shutting down and abandoning module DerivedDataCache (148)
[2019.01.08-17.07.03:327][333]LogDerivedDataCache: Shutdown
[2019.01.08-17.07.03:327][333]LogModuleManager: Shutting down and abandoning module TargetPlatform (146)
[2019.01.08-17.07.03:327][333]LogModuleManager: Shutting down and abandoning module VulkanShaderFormat (145)
[2019.01.08-17.07.03:328][333]LogModuleManager: Shutting down and abandoning module ShaderFormatVectorVM (143)
[2019.01.08-17.07.03:328][333]LogModuleManager: Shutting down and abandoning module ShaderFormatOpenGL (141)
[2019.01.08-17.07.03:328][333]LogModuleManager: Shutting down and abandoning module ShaderFormatD3D (139)
[2019.01.08-17.07.03:328][333]LogModuleManager: Shutting down and abandoning module MetalShaderFormat (137)
[2019.01.08-17.07.03:328][333]LogModuleManager: Shutting down and abandoning module TextureFormatUncompressed (135)
[2019.01.08-17.07.03:328][333]LogModuleManager: Shutting down and abandoning module TextureFormatPVR (133)
[2019.01.08-17.07.03:328][333]LogModuleManager: Shutting down and abandoning module TextureFormatDXT (131)
[2019.01.08-17.07.03:328][333]LogModuleManager: Shutting down and abandoning module TextureFormatIntelISPCTexComp (129)
[2019.01.08-17.07.03:329][333]LogModuleManager: Shutting down and abandoning module TextureFormatASTC (127)
[2019.01.08-17.07.03:329][333]LogModuleManager: Shutting down and abandoning module ImageWrapper (126)
[2019.01.08-17.07.03:329][333]LogModuleManager: Shutting down and abandoning module TextureFormatAndroid (123)
[2019.01.08-17.07.03:329][333]LogModuleManager: Shutting down and abandoning module AudioFormatOpus (121)
[2019.01.08-17.07.03:329][333]LogModuleManager: Shutting down and abandoning module AudioFormatOgg (119)
[2019.01.08-17.07.03:329][333]LogModuleManager: Shutting down and abandoning module AudioFormatADPCM (117)
[2019.01.08-17.07.03:329][333]LogModuleManager: Shutting down and abandoning module LinuxTargetPlatform (115)
[2019.01.08-17.07.03:329][333]LogModuleManager: Shutting down and abandoning module LinuxServerTargetPlatform (113)
[2019.01.08-17.07.03:329][333]LogModuleManager: Shutting down and abandoning module LinuxNoEditorTargetPlatform (111)
[2019.01.08-17.07.03:329][333]LogModuleManager: Shutting down and abandoning module LinuxClientTargetPlatform (109)
[2019.01.08-17.07.03:329][333]LogModuleManager: Shutting down and abandoning module TVOSTargetPlatform (107)
[2019.01.08-17.07.03:329][333]LogModuleManager: Shutting down and abandoning module Messaging (105)
[2019.01.08-17.07.03:329][333]LogModuleManager: Shutting down and abandoning module IOSTargetPlatform (103)
[2019.01.08-17.07.03:329][333]LogModuleManager: Shutting down and abandoning module HTML5TargetPlatform (101)
[2019.01.08-17.07.03:329][333]LogModuleManager: Shutting down and abandoning module AndroidTargetPlatform (99)
[2019.01.08-17.07.03:329][333]LogModuleManager: Shutting down and abandoning module Android_PVRTCTargetPlatform (97)
[2019.01.08-17.07.03:329][333]LogModuleManager: Shutting down and abandoning module Android_MultiTargetPlatform (95)
[2019.01.08-17.07.03:329][333]LogModuleManager: Shutting down and abandoning module Android_ETC2TargetPlatform (93)
[2019.01.08-17.07.03:329][333]LogModuleManager: Shutting down and abandoning module Android_ETC1TargetPlatform (91)
[2019.01.08-17.07.03:329][333]LogModuleManager: Shutting down and abandoning module Android_DXTTargetPlatform (89)
[2019.01.08-17.07.03:329][333]LogModuleManager: Shutting down and abandoning module Android_ATCTargetPlatform (87)
[2019.01.08-17.07.03:329][333]LogModuleManager: Shutting down and abandoning module Android_ASTCTargetPlatform (85)
[2019.01.08-17.07.03:329][333]LogModuleManager: Shutting down and abandoning module WindowsTargetPlatform (83)
[2019.01.08-17.07.03:329][333]LogModuleManager: Shutting down and abandoning module WindowsServerTargetPlatform (81)
[2019.01.08-17.07.03:329][333]LogModuleManager: Shutting down and abandoning module WindowsNoEditorTargetPlatform (79)
[2019.01.08-17.07.03:329][333]LogModuleManager: Shutting down and abandoning module WindowsClientTargetPlatform (77)
[2019.01.08-17.07.03:329][333]LogModuleManager: Shutting down and abandoning module MacTargetPlatform (75)
[2019.01.08-17.07.03:329][333]LogModuleManager: Shutting down and abandoning module MacServerTargetPlatform (73)
[2019.01.08-17.07.03:329][333]LogModuleManager: Shutting down and abandoning module MacNoEditorTargetPlatform (71)
[2019.01.08-17.07.03:329][333]LogModuleManager: Shutting down and abandoning module MacClientTargetPlatform (69)
[2019.01.08-17.07.03:329][333]LogModuleManager: Shutting down and abandoning module AllDesktopTargetPlatform (67)
[2019.01.08-17.07.03:329][333]LogModuleManager: Shutting down and abandoning module InputCore (64)
[2019.01.08-17.07.03:329][333]LogModuleManager: Shutting down and abandoning module Settings (62)
[2019.01.08-17.07.03:329][333]LogModuleManager: Shutting down and abandoning module PhysXCooking (60)
[2019.01.08-17.07.03:329][333]LogModuleManager: Shutting down and abandoning module SteamVR (58)
[2019.01.08-17.07.03:330][333]LogModuleManager: Shutting down and abandoning module OculusHMD (56)
[2019.01.08-17.07.03:330][333]LogModuleManager: Shutting down and abandoning module ExampleDeviceProfileSelector (54)
[2019.01.08-17.07.03:330][333]LogModuleManager: Shutting down and abandoning module AppleARKit (52)
[2019.01.08-17.07.03:330][333]LogModuleManager: Shutting down and abandoning module AugmentedReality (51)
[2019.01.08-17.07.03:330][333]LogModuleManager: Shutting down and abandoning module OnlineBlueprintSupport (48)
[2019.01.08-17.07.03:330][333]LogModuleManager: Shutting down and abandoning module OnlineSubsystem (44)
[2019.01.08-17.07.03:330][333]LogModuleManager: Shutting down and abandoning module XMPP (43)
[2019.01.08-17.07.03:330][333]LogModuleManager: Shutting down and abandoning module HTTP (41)
[2019.01.08-17.07.03:330][333]LogHttp: Display: Http module shutting down, but needs to wait on 1 outstanding Http requests:
[2019.01.08-17.07.03:330][333]LogHttp: Display: 	verb=[POST] url=[https://datarouter.ol.epicgames.com/datarouter/api/v1/public/data?SessionID=%7B9F24DFEA-4C38-7DDC-0A85-169D12C08302%7D&AppID=UEEditor.Rocket.Release&AppVersion=4.18.3-3832480%2B%2B%2BUE4%2BRelease-4.18&UserID=582f7bb94df0c8a09a058abe4ad12ee9%7Ca5e2bcfa770548648a58f44a8b33e965%7Cdfa75905-5754-4963-a169-f379a3ce4faf&AppEnvironment=datacollector-binary&UploadType=eteventstream] status=Processing
[2019.01.08-17.07.03:330][333]LogHttp: Display: Sleeping 0.5s to wait for 1 outstanding Http requests.
[2019.01.08-17.07.03:835][333]LogModuleManager: Shutting down and abandoning module SSL (40)
[2019.01.08-17.07.03:837][333]LogModuleManager: Shutting down and abandoning module AnimationModifiers (36)
[2019.01.08-17.07.03:837][333]LogModuleManager: Shutting down and abandoning module PropertyEditor (35)
[2019.01.08-17.07.03:838][333]LogModuleManager: Shutting down and abandoning module AudioEditor (32)
[2019.01.08-17.07.03:838][333]LogModuleManager: Shutting down and abandoning module TextureCompressor (30)
[2019.01.08-17.07.03:838][333]LogModuleManager: Shutting down and abandoning module ShaderCore (28)
[2019.01.08-17.07.03:838][333]LogModuleManager: Shutting down and abandoning module Landscape (26)
[2019.01.08-17.07.03:838][333]LogModuleManager: Shutting down and abandoning module SlateRHIRenderer (24)
[2019.01.08-17.07.03:839][333]LogModuleManager: Shutting down and abandoning module OpenGLDrv (22)
[2019.01.08-17.07.03:839][333]LogModuleManager: Shutting down and abandoning module D3D11RHI (20)
[2019.01.08-17.07.03:839][333]LogModuleManager: Shutting down and abandoning module AnimGraphRuntime (18)
[2019.01.08-17.07.03:839][333]LogModuleManager: Shutting down and abandoning module Renderer (16)
[2019.01.08-17.07.03:839][333]LogModuleManager: Shutting down and abandoning module Engine (14)
[2019.01.08-17.07.03:839][333]LogModuleManager: Shutting down and abandoning module CoreUObject (12)
[2019.01.08-17.07.03:839][333]LogModuleManager: Shutting down and abandoning module NetworkFile (10)
[2019.01.08-17.07.03:839][333]LogModuleManager: Shutting down and abandoning module CookedIterativeFile (8)
[2019.01.08-17.07.03:839][333]LogModuleManager: Shutting down and abandoning module StreamingFile (6)
[2019.01.08-17.07.03:839][333]LogModuleManager: Shutting down and abandoning module SandboxFile (4)
[2019.01.08-17.07.03:839][333]LogModuleManager: Shutting down and abandoning module PakFile (2)
[2019.01.08-17.07.03:843][333]LogExit: Exiting.
[2019.01.08-17.07.03:851][333]Log file closed, 01/08/19 18:07:03
