Log file open, 01/09/19 15:02:02
LogWindows: Failed to load 'aqProf.dll' (GetLastError=126)
LogWindows: File 'aqProf.dll' does not exist
LogWindows: Failed to load 'VtuneApi.dll' (GetLastError=126)
LogWindows: File 'VtuneApi.dll' does not exist
LogWindows: Failed to load 'VtuneApi32e.dll' (GetLastError=126)
LogWindows: File 'VtuneApi32e.dll' does not exist
LogInit: Display: Running engine for game: BattleCodeVisualizer
LogPlatformFile: Not using cached read wrapper
LogInit: Display: RandInit(208426466) SRandInit(208426466).
LogInit: Read version file with build ID '3709383'
LogInit: Overriding engine version to CL 3832480, compatible CL 3709383
LogInit: Registered custom module enumerator with build ID '3709383'
LogTaskGraph: Started task graph with 5 named threads and 14 total threads with 3 sets of task threads.
LogStats: Stats thread started at 0.213310
LogD3D11RHI: Aftermath initialized
LogPluginManager: Mounting plugin Paper2D
LogPluginManager: Mounting plugin LightPropagationVolume
LogPluginManager: Mounting plugin CodeLiteSourceCodeAccess
LogPluginManager: Mounting plugin GitSourceControl
LogPluginManager: Mounting plugin KDevelopSourceCodeAccess
LogPluginManager: Mounting plugin NullSourceCodeAccess
LogPluginManager: Mounting plugin PerforceSourceControl
LogPluginManager: Mounting plugin SubversionSourceControl
LogPluginManager: Mounting plugin UObjectPlugin
LogPluginManager: Mounting plugin VisualStudioCodeSourceCodeAccess
LogPluginManager: Mounting plugin VisualStudioSourceCodeAccess
LogPluginManager: Mounting plugin XCodeSourceCodeAccess
LogPluginManager: Mounting plugin AssetManagerEditor
LogPluginManager: Mounting plugin AudioCapture
LogPluginManager: Mounting plugin FacialAnimation
LogPluginManager: Mounting plugin GameplayTagsEditor
LogPluginManager: Mounting plugin MobileLauncherProfileWizard
LogPluginManager: Mounting plugin PluginBrowser
LogPluginManager: Mounting plugin SpeedTreeImporter
LogPluginManager: Mounting plugin AlembicImporter
LogPluginManager: Mounting plugin CharacterAI
LogPluginManager: Mounting plugin HTML5Networking
LogPluginManager: Mounting plugin AndroidMedia
LogPluginManager: Mounting plugin AvfMedia
LogPluginManager: Mounting plugin ImgMedia
LogPluginManager: Mounting plugin MediaCompositing
LogPluginManager: Mounting plugin MediaPlayerEditor
LogPluginManager: Mounting plugin WmfMedia
LogPluginManager: Mounting plugin TcpMessaging
LogPluginManager: Mounting plugin UdpMessaging
LogPluginManager: Mounting plugin ActorSequence
LogPluginManager: Mounting plugin LevelSequenceEditor
LogPluginManager: Mounting plugin MatineeToLevelSequence
LogPluginManager: Mounting plugin OnlineSubsystemGooglePlay
LogPluginManager: Mounting plugin OnlineSubsystemIOS
LogPluginManager: Mounting plugin OnlineSubsystem
LogPluginManager: Mounting plugin OnlineSubsystemNull
LogPluginManager: Mounting plugin OnlineSubsystemUtils
LogPluginManager: Mounting plugin AndroidDeviceProfileSelector
LogPluginManager: Mounting plugin AndroidMoviePlayer
LogPluginManager: Mounting plugin AndroidPermission
LogPluginManager: Mounting plugin AppleARKit
LogPluginManager: Mounting plugin AppleMoviePlayer
LogPluginManager: Mounting plugin ArchVisCharacter
LogPluginManager: Mounting plugin CableComponent
LogPluginManager: Mounting plugin CustomMeshComponent
LogPluginManager: Mounting plugin ExampleDeviceProfileSelector
LogPluginManager: Mounting plugin GoogleCloudMessaging
LogPluginManager: Mounting plugin ImmediatePhysics
LogPluginManager: Mounting plugin IOSDeviceProfileSelector
LogPluginManager: Mounting plugin LinuxDeviceProfileSelector
LogPluginManager: Mounting plugin LocationServicesBPLibrary
LogPluginManager: Mounting plugin MobilePatchingUtils
LogPluginManager: Mounting plugin OculusVR
LogPluginManager: Plugin shader directory ../../../Engine/Plugins/Runtime/Oculus/OculusVR/Shaders found
LogPluginManager: Mapping shader source directory ../../../Engine/Plugins/Runtime/Oculus/OculusVR/Shaders to virtual directory /Plugin/OculusVR
LogPluginManager: Mounting plugin PhysXVehicles
LogPluginManager: Mounting plugin ProceduralMeshComponent
LogPluginManager: Mounting plugin RuntimePhysXCooking
LogPluginManager: Mounting plugin SteamVR
LogPluginManager: Mounting plugin WindowsMoviePlayer
LogModuleManager: Display: Found up-to-date module file D:/Programmierung/Unreal Projects/BattleCode19/BattleCodeVisualizer/Binaries/Win64/UE4Editor-BattleCodeVisualizer-329.dll (API version 3709383).
LogModuleManager: Display: Found up-to-date module file ../../../Engine/Plugins/2D/Paper2D/Binaries/Win64/UE4Editor-Paper2D.dll (API version 3709383).
LogModuleManager: Display: Found up-to-date module file ../../../Engine/Plugins/2D/Paper2D/Binaries/Win64/UE4Editor-Paper2DEditor.dll (API version 3709383).
LogModuleManager: Display: Found up-to-date module file ../../../Engine/Plugins/2D/Paper2D/Binaries/Win64/UE4Editor-PaperSpriteSheetImporter.dll (API version 3709383).
LogModuleManager: Display: Found up-to-date module file ../../../Engine/Plugins/2D/Paper2D/Binaries/Win64/UE4Editor-PaperTiledImporter.dll (API version 3709383).
LogModuleManager: Display: Found up-to-date module file ../../../Engine/Plugins/2D/Paper2D/Binaries/Win64/UE4Editor-SmartSnapping.dll (API version 3709383).
LogModuleManager: Display: Found up-to-date module file ../../../Engine/Plugins/Blendables/LightPropagationVolume/Binaries/Win64/UE4Editor-LightPropagationVolumeRuntime.dll (API version 3709383).
LogModuleManager: Display: Found up-to-date module file ../../../Engine/Plugins/Blendables/LightPropagationVolume/Binaries/Win64/UE4Editor-LightPropagationVolumeEditor.dll (API version 3709383).
LogModuleManager: Display: Found up-to-date module file ../../../Engine/Plugins/Developer/GitSourceControl/Binaries/Win64/UE4Editor-GitSourceControl.dll (API version 3709383).
LogModuleManager: Display: Found up-to-date module file ../../../Engine/Plugins/Developer/PerforceSourceControl/Binaries/Win64/UE4Editor-PerforceSourceControl.dll (API version 3709383).
LogModuleManager: Display: Found up-to-date module file ../../../Engine/Plugins/Developer/SubversionSourceControl/Binaries/Win64/UE4Editor-SubversionSourceControl.dll (API version 3709383).
LogModuleManager: Display: Found up-to-date module file ../../../Engine/Plugins/Developer/UObjectPlugin/Binaries/Win64/UE4Editor-UObjectPlugin.dll (API version 3709383).
LogModuleManager: Display: Found up-to-date module file ../../../Engine/Plugins/Developer/VisualStudioCodeSourceCodeAccess/Binaries/Win64/UE4Editor-VisualStudioCodeSourceCodeAccess.dll (API version 3709383).
LogModuleManager: Display: Found up-to-date module file ../../../Engine/Plugins/Developer/VisualStudioSourceCodeAccess/Binaries/Win64/UE4Editor-VisualStudioSourceCodeAccess.dll (API version 3709383).
LogModuleManager: Display: Found up-to-date module file ../../../Engine/Plugins/Editor/AssetManagerEditor/Binaries/Win64/UE4Editor-AssetManagerEditor.dll (API version 3709383).
LogModuleManager: Display: Found up-to-date module file ../../../Engine/Plugins/Editor/AudioCapture/Binaries/Win64/UE4Editor-AudioCapture.dll (API version 3709383).
LogModuleManager: Display: Found up-to-date module file ../../../Engine/Plugins/Editor/FacialAnimation/Binaries/Win64/UE4Editor-FacialAnimation.dll (API version 3709383).
LogModuleManager: Display: Found up-to-date module file ../../../Engine/Plugins/Editor/FacialAnimation/Binaries/Win64/UE4Editor-FacialAnimationEditor.dll (API version 3709383).
LogModuleManager: Display: Found up-to-date module file ../../../Engine/Plugins/Editor/GameplayTagsEditor/Binaries/Win64/UE4Editor-GameplayTagsEditor.dll (API version 3709383).
LogModuleManager: Display: Found up-to-date module file ../../../Engine/Plugins/Editor/MobileLauncherProfileWizard/Binaries/Win64/UE4Editor-MobileLauncherProfileWizard.dll (API version 3709383).
LogModuleManager: Display: Found up-to-date module file ../../../Engine/Plugins/Editor/PluginBrowser/Binaries/Win64/UE4Editor-PluginBrowser.dll (API version 3709383).
LogModuleManager: Display: Found up-to-date module file ../../../Engine/Plugins/Editor/SpeedTreeImporter/Binaries/Win64/UE4Editor-SpeedTreeImporter.dll (API version 3709383).
LogModuleManager: Display: Found up-to-date module file ../../../Engine/Plugins/Experimental/AlembicImporter/Binaries/Win64/UE4Editor-AlembicImporter.dll (API version 3709383).
LogModuleManager: Display: Found up-to-date module file ../../../Engine/Plugins/Experimental/AlembicImporter/Binaries/Win64/UE4Editor-AlembicLibrary.dll (API version 3709383).
LogModuleManager: Display: Found up-to-date module file ../../../Engine/Plugins/Experimental/CharacterAI/Binaries/Win64/UE4Editor-CharacterAI.dll (API version 3709383).
LogModuleManager: Display: Found up-to-date module file ../../../Engine/Plugins/Experimental/HTML5Networking/Binaries/Win64/UE4Editor-HTML5Networking.dll (API version 3709383).
LogModuleManager: Display: Found up-to-date module file ../../../Engine/Plugins/Media/AndroidMedia/Binaries/Win64/UE4Editor-AndroidMediaEditor.dll (API version 3709383).
LogModuleManager: Display: Found up-to-date module file ../../../Engine/Plugins/Media/AndroidMedia/Binaries/Win64/UE4Editor-AndroidMediaFactory.dll (API version 3709383).
LogModuleManager: Display: Found up-to-date module file ../../../Engine/Plugins/Media/AvfMedia/Binaries/Win64/UE4Editor-AvfMediaEditor.dll (API version 3709383).
LogModuleManager: Display: Found up-to-date module file ../../../Engine/Plugins/Media/AvfMedia/Binaries/Win64/UE4Editor-AvfMediaFactory.dll (API version 3709383).
LogModuleManager: Display: Found up-to-date module file ../../../Engine/Plugins/Media/AvfMedia/Binaries/Win64/UE4Editor-AvfMediaFactory.dll (API version 3709383).
LogModuleManager: Display: Found up-to-date module file ../../../Engine/Plugins/Media/ImgMedia/Binaries/Win64/UE4Editor-ImgMedia.dll (API version 3709383).
LogModuleManager: Display: Found up-to-date module file ../../../Engine/Plugins/Media/ImgMedia/Binaries/Win64/UE4Editor-ImgMediaEditor.dll (API version 3709383).
LogModuleManager: Display: Found up-to-date module file ../../../Engine/Plugins/Media/ImgMedia/Binaries/Win64/UE4Editor-ImgMediaFactory.dll (API version 3709383).
LogModuleManager: Display: Found up-to-date module file ../../../Engine/Plugins/Media/ImgMedia/Binaries/Win64/UE4Editor-ImgMediaFactory.dll (API version 3709383).
LogModuleManager: Display: Found up-to-date module file ../../../Engine/Plugins/Media/ImgMedia/Binaries/Win64/UE4Editor-OpenExrWrapper.dll (API version 3709383).
LogModuleManager: Display: Found up-to-date module file ../../../Engine/Plugins/Media/MediaCompositing/Binaries/Win64/UE4Editor-MediaCompositing.dll (API version 3709383).
LogModuleManager: Display: Found up-to-date module file ../../../Engine/Plugins/Media/MediaCompositing/Binaries/Win64/UE4Editor-MediaCompositingEditor.dll (API version 3709383).
LogModuleManager: Display: Found up-to-date module file ../../../Engine/Plugins/Media/MediaPlayerEditor/Binaries/Win64/UE4Editor-MediaPlayerEditor.dll (API version 3709383).
LogModuleManager: Display: Found up-to-date module file ../../../Engine/Plugins/Media/WmfMedia/Binaries/Win64/UE4Editor-WmfMedia.dll (API version 3709383).
LogModuleManager: Display: Found up-to-date module file ../../../Engine/Plugins/Media/WmfMedia/Binaries/Win64/UE4Editor-WmfMediaEditor.dll (API version 3709383).
LogModuleManager: Display: Found up-to-date module file ../../../Engine/Plugins/Media/WmfMedia/Binaries/Win64/UE4Editor-WmfMediaFactory.dll (API version 3709383).
LogModuleManager: Display: Found up-to-date module file ../../../Engine/Plugins/Media/WmfMedia/Binaries/Win64/UE4Editor-WmfMediaFactory.dll (API version 3709383).
LogModuleManager: Display: Found up-to-date module file ../../../Engine/Plugins/Messaging/TcpMessaging/Binaries/Win64/UE4Editor-TcpMessaging.dll (API version 3709383).
LogModuleManager: Display: Found up-to-date module file ../../../Engine/Plugins/Messaging/UdpMessaging/Binaries/Win64/UE4Editor-UdpMessaging.dll (API version 3709383).
LogModuleManager: Display: Found up-to-date module file ../../../Engine/Plugins/MovieScene/ActorSequence/Binaries/Win64/UE4Editor-ActorSequence.dll (API version 3709383).
LogModuleManager: Display: Found up-to-date module file ../../../Engine/Plugins/MovieScene/LevelSequenceEditor/Binaries/Win64/UE4Editor-LevelSequenceEditor.dll (API version 3709383).
LogModuleManager: Display: Found up-to-date module file ../../../Engine/Plugins/MovieScene/MatineeToLevelSequence/Binaries/Win64/UE4Editor-MatineeToLevelSequence.dll (API version 3709383).
LogModuleManager: Display: Found up-to-date module file ../../../Engine/Plugins/Online/OnlineSubsystem/Binaries/Win64/UE4Editor-OnlineSubsystem.dll (API version 3709383).
LogModuleManager: Display: Found up-to-date module file ../../../Engine/Plugins/Online/OnlineSubsystemNull/Binaries/Win64/UE4Editor-OnlineSubsystemNull.dll (API version 3709383).
LogModuleManager: Display: Found up-to-date module file ../../../Engine/Plugins/Online/OnlineSubsystemUtils/Binaries/Win64/UE4Editor-OnlineSubsystemUtils.dll (API version 3709383).
LogModuleManager: Display: Found up-to-date module file ../../../Engine/Plugins/Online/OnlineSubsystemUtils/Binaries/Win64/UE4Editor-OnlineBlueprintSupport.dll (API version 3709383).
LogModuleManager: Display: Found up-to-date module file ../../../Engine/Plugins/Runtime/AndroidDeviceProfileSelector/Binaries/Win64/UE4Editor-AndroidDeviceProfileSelector.dll (API version 3709383).
LogModuleManager: Display: Found up-to-date module file ../../../Engine/Plugins/Runtime/AndroidPermission/Binaries/Win64/UE4Editor-AndroidPermission.dll (API version 3709383).
LogModuleManager: Display: Found up-to-date module file ../../../Engine/Plugins/Runtime/AppleARKit/Binaries/Win64/UE4Editor-AppleARKit.dll (API version 3709383).
LogModuleManager: Display: Found up-to-date module file ../../../Engine/Plugins/Runtime/ArchVisCharacter/Binaries/Win64/UE4Editor-ArchVisCharacter.dll (API version 3709383).
LogModuleManager: Display: Found up-to-date module file ../../../Engine/Plugins/Runtime/CableComponent/Binaries/Win64/UE4Editor-CableComponent.dll (API version 3709383).
LogModuleManager: Display: Found up-to-date module file ../../../Engine/Plugins/Runtime/CustomMeshComponent/Binaries/Win64/UE4Editor-CustomMeshComponent.dll (API version 3709383).
LogModuleManager: Display: Found up-to-date module file ../../../Engine/Plugins/Runtime/ExampleDeviceProfileSelector/Binaries/Win64/UE4Editor-ExampleDeviceProfileSelector.dll (API version 3709383).
LogModuleManager: Display: Found up-to-date module file ../../../Engine/Plugins/Runtime/ImmediatePhysics/Binaries/Win64/UE4Editor-ImmediatePhysics.dll (API version 3709383).
LogModuleManager: Display: Found up-to-date module file ../../../Engine/Plugins/Runtime/ImmediatePhysics/Binaries/Win64/UE4Editor-ImmediatePhysicsEditor.dll (API version 3709383).
LogModuleManager: Display: Found up-to-date module file ../../../Engine/Plugins/Runtime/LocationServicesBPLibrary/Binaries/Win64/UE4Editor-LocationServicesBPLibrary.dll (API version 3709383).
LogModuleManager: Display: Found up-to-date module file ../../../Engine/Plugins/Runtime/MobilePatchingUtils/Binaries/Win64/UE4Editor-MobilePatchingUtils.dll (API version 3709383).
LogModuleManager: Display: Found up-to-date module file ../../../Engine/Plugins/Runtime/Oculus/OculusVR/Binaries/Win64/UE4Editor-OculusHMD.dll (API version 3709383).
LogModuleManager: Display: Found up-to-date module file ../../../Engine/Plugins/Runtime/Oculus/OculusVR/Binaries/Win64/UE4Editor-OculusInput.dll (API version 3709383).
LogModuleManager: Display: Found up-to-date module file ../../../Engine/Plugins/Runtime/Oculus/OculusVR/Binaries/Win64/UE4Editor-OculusEditor.dll (API version 3709383).
LogModuleManager: Display: Found up-to-date module file ../../../Engine/Plugins/Runtime/PhysXVehicles/Binaries/Win64/UE4Editor-PhysXVehicles.dll (API version 3709383).
LogModuleManager: Display: Found up-to-date module file ../../../Engine/Plugins/Runtime/PhysXVehicles/Binaries/Win64/UE4Editor-PhysXVehiclesEditor.dll (API version 3709383).
LogModuleManager: Display: Found up-to-date module file ../../../Engine/Plugins/Runtime/ProceduralMeshComponent/Binaries/Win64/UE4Editor-ProceduralMeshComponent.dll (API version 3709383).
LogModuleManager: Display: Found up-to-date module file ../../../Engine/Plugins/Runtime/ProceduralMeshComponent/Binaries/Win64/UE4Editor-ProceduralMeshComponentEditor.dll (API version 3709383).
LogModuleManager: Display: Found up-to-date module file ../../../Engine/Plugins/Runtime/RuntimePhysXCooking/Binaries/Win64/UE4Editor-RuntimePhysXCooking.dll (API version 3709383).
LogModuleManager: Display: Found up-to-date module file ../../../Engine/Plugins/Runtime/Steam/SteamVR/Binaries/Win64/UE4Editor-SteamVR.dll (API version 3709383).
LogModuleManager: Display: Found up-to-date module file ../../../Engine/Plugins/Runtime/Steam/SteamVR/Binaries/Win64/UE4Editor-SteamVRController.dll (API version 3709383).
LogModuleManager: Display: Found up-to-date module file ../../../Engine/Plugins/Runtime/WindowsMoviePlayer/Binaries/Win64/UE4Editor-WindowsMoviePlayer.dll (API version 3709383).
LogInit: Using libcurl 7.47.1
LogInit:  - built for x86_64-pc-win32
LogInit:  - supports SSL with OpenSSL/1.0.2g
LogInit:  - supports HTTP deflate (compression) using libz 1.2.8
LogInit:  - other features:
LogInit:      CURL_VERSION_SSL
LogInit:      CURL_VERSION_LIBZ
LogInit:      CURL_VERSION_IPV6
LogInit:      CURL_VERSION_ASYNCHDNS
LogInit:      CURL_VERSION_LARGEFILE
LogInit:      CURL_VERSION_IDN
LogInit:  CurlRequestOptions (configurable via config and command line):
LogInit:  - bVerifyPeer = false  - Libcurl will NOT verify peer certificate
LogInit:  - bUseHttpProxy = false  - Libcurl will NOT use HTTP proxy
LogInit:  - bDontReuseConnections = false  - Libcurl will reuse connections
LogInit:  - CertBundlePath = nullptr  - Libcurl will use whatever was configured at build time.
LogInit: Build: ++UE4+Release-4.18-CL-3832480
LogInit: Engine Version: 4.18.3-3832480+++UE4+Release-4.18
LogInit: Compatible Engine Version: 4.18.0-3709383+++UE4+Release-4.18
LogInit: Net CL: 3709383
LogDevObjectVersion: Number of dev versions registered: 16
LogDevObjectVersion:   Dev-Blueprints (B0D832E4-1F89-4F0D-ACCF-7EB736FD4AA2): 10
LogDevObjectVersion:   Dev-Build (E1C64328-A22C-4D53-A36C-8E866417BD8C): 0
LogDevObjectVersion:   Dev-Core (375EC13C-06E4-48FB-B500-84F0262A717E): 2
LogDevObjectVersion:   Dev-Editor (E4B068ED-F494-42E9-A231-DA0B2E46BB41): 20
LogDevObjectVersion:   Dev-Framework (CFFC743F-43B0-4480-9391-14DF171D2073): 30
LogDevObjectVersion:   Dev-Mobile (B02B49B5-BB20-44E9-A304-32B752E40360): 0
LogDevObjectVersion:   Dev-Networking (A4E4105C-59A1-49B5-A7C5-40C4547EDFEE): 0
LogDevObjectVersion:   Dev-Online (39C831C9-5AE6-47DC-9A44-9C173E1C8E7C): 0
LogDevObjectVersion:   Dev-Physics (78F01B33-EBEA-4F98-B9B4-84EACCB95AA2): 0
LogDevObjectVersion:   Dev-Platform (6631380F-2D4D-43E0-8009-CF276956A95A): 0
LogDevObjectVersion:   Dev-Rendering (12F88B9F-8875-4AFC-A67C-D90C383ABD29): 20
LogDevObjectVersion:   Dev-Sequencer (7B5AE74C-D270-4C10-A958-57980B212A5A): 4
LogDevObjectVersion:   Dev-VR (D7296918-1DD6-4BDD-9DE2-64A83CC13884): 0
LogDevObjectVersion:   Dev-LoadTimes (C2A15278-BFE7-4AFE-6C17-90FF531DF755): 1
LogDevObjectVersion:   Private-Geometry (6EACA3D4-40EC-4CC1-B786-8BED09428FC5): 1
LogDevObjectVersion:   Dev-AnimPhys (29E575DD-E0A3-4627-9D10-D276232CDCEA): 12
LogInit: Compiled (64-bit): Jan 12 2018 02:04:55
LogInit: Compiled with Visual C++: 19.00.24215.01
LogInit: Build Configuration: Development
LogInit: Branch Name: ++UE4+Release-4.18
LogInit: Command line:  
LogInit: Base directory: C:/Program Files/Epic/UE_4.18/Engine/Binaries/Win64/
LogInit: Installed Engine Build: 1
LogInit: Presizing for max 8388607 objects, including 0 objects not considered by GC, pre-allocating 0 bytes for permanent pool.
LogInit: Object subsystem initialized
[2019.01.09-14.02.06:220][  0]LogInit: Selected Device Profile: [Windows]
[2019.01.09-14.02.06:220][  0]LogInit: Applying CVar settings loaded from the selected device profile: [Windows]
[2019.01.09-14.02.06:235][  0]LogInit: Computer: HM-W-29
[2019.01.09-14.02.06:235][  0]LogInit: User: rjanousch
[2019.01.09-14.02.06:235][  0]LogInit: CPU Page size=4096, Cores=4
[2019.01.09-14.02.06:235][  0]LogInit: High frequency timer resolution =10.000000 MHz
[2019.01.09-14.02.06:235][  0]LogMemory: Memory total: Physical=23.9GB (24GB approx)
[2019.01.09-14.02.06:235][  0]LogMemory: Platform Memory Stats for Windows
[2019.01.09-14.02.06:235][  0]LogMemory: Process Physical Memory: 273.77 MB used, 273.77 MB peak
[2019.01.09-14.02.06:235][  0]LogMemory: Process Virtual Memory: 271.84 MB used, 271.84 MB peak
[2019.01.09-14.02.06:235][  0]LogMemory: Physical Memory: 7212.54 MB used,  17296.10 MB free, 24508.64 MB total
[2019.01.09-14.02.06:235][  0]LogMemory: Virtual Memory: 4779.26 MB used,  17296.10 MB free, 134217728.00 MB total
[2019.01.09-14.02.06:671][  0]LogInit: Using OS detected language (de-DE).
[2019.01.09-14.02.06:671][  0]LogInit: Using OS detected locale (de-DE).
[2019.01.09-14.02.06:678][  0]LogTextLocalizationManager: No localization for 'de-DE' exists, so 'en' will be used for the language.
[2019.01.09-14.02.06:678][  0]LogTextLocalizationManager: No localization for 'de-DE' exists, so 'en' will be used for the locale.
[2019.01.09-14.02.07:203][  0]LogInit: Setting process to per monitor DPI aware
[2019.01.09-14.02.07:680][  0]LogD3D11RHI: D3D11 adapters:
[2019.01.09-14.02.07:745][  0]LogD3D11RHI:    0. 'NVIDIA GeForce GTX 970' (Feature Level 11_0)
[2019.01.09-14.02.07:745][  0]LogD3D11RHI:       4058/0/12254 MB DedicatedVideo/DedicatedSystem/SharedSystem, Outputs:1, VendorId:0x10de
[2019.01.09-14.02.07:802][  0]LogD3D11RHI:    1. 'NVIDIA GeForce GTX 970' (Feature Level 11_0)
[2019.01.09-14.02.07:803][  0]LogD3D11RHI:       4058/0/12254 MB DedicatedVideo/DedicatedSystem/SharedSystem, Outputs:1, VendorId:0x10de
[2019.01.09-14.02.07:805][  0]LogD3D11RHI:    2. 'Microsoft Basic Render Driver' (Feature Level 11_0)
[2019.01.09-14.02.07:805][  0]LogD3D11RHI:       0/0/12254 MB DedicatedVideo/DedicatedSystem/SharedSystem, Outputs:0, VendorId:0x1414
[2019.01.09-14.02.07:805][  0]LogD3D11RHI: Chosen D3D11 Adapter: 0
[2019.01.09-14.02.07:816][  0]LogD3D11RHI: Creating new Direct3DDevice
[2019.01.09-14.02.07:816][  0]LogD3D11RHI:     GPU DeviceId: 0x13c2 (for the marketing name, search the web for "GPU Device Id")
[2019.01.09-14.02.07:816][  0]LogWindows: EnumDisplayDevices:
[2019.01.09-14.02.07:817][  0]LogWindows:    0. 'NVIDIA GeForce GTX 970' (P:0 D:1)
[2019.01.09-14.02.07:817][  0]LogWindows:    1. 'NVIDIA GeForce GTX 970' (P:0 D:0)
[2019.01.09-14.02.07:817][  0]LogWindows:    2. 'NVIDIA GeForce GTX 970' (P:0 D:0)
[2019.01.09-14.02.07:818][  0]LogWindows:    3. 'NVIDIA GeForce GTX 970' (P:0 D:0)
[2019.01.09-14.02.07:818][  0]LogWindows:    4. 'NVIDIA GeForce GTX 970' (P:1 D:1)
[2019.01.09-14.02.07:818][  0]LogWindows:    5. 'NVIDIA GeForce GTX 970' (P:0 D:0)
[2019.01.09-14.02.07:819][  0]LogWindows:    6. 'NVIDIA GeForce GTX 970' (P:0 D:0)
[2019.01.09-14.02.07:819][  0]LogWindows:    7. 'NVIDIA GeForce GTX 970' (P:0 D:0)
[2019.01.09-14.02.07:819][  0]LogWindows: DebugString: GetVideoDriverDetailsInvalid PrimaryIsNotTheChoosenAdapter GetVideoDriverDetailsInvalid PrimaryIsNotTheChoosenAdapter GetVideoDriverDetailsInvalid PrimaryIsNotTheChoosenAdapter GetVideoDriverDetailsInvalid PrimaryIsNotTheChoosenAdapter GetVideoDriverDetailsInvalid PrimaryIsNotTheChoosenAdapter GetVideoDriverDetailsInvalid PrimaryIsNotTheChoosenAdapter GetVideoDriverDetailsInvalid PrimaryIsNotTheChoosenAdapter GetVideoDriverDetailsInvalid PrimaryIsNotTheChoosenAdapter FoundDriverCount:0 
[2019.01.09-14.02.07:819][  0]LogD3D11RHI:     Adapter Name: NVIDIA GeForce GTX 970
[2019.01.09-14.02.07:819][  0]LogD3D11RHI:   Driver Version: Unknown (internal:Unknown, unified:Unknown)
[2019.01.09-14.02.07:819][  0]LogD3D11RHI:      Driver Date: Unknown
[2019.01.09-14.02.07:819][  0]LogRHI: Texture pool is 2840 MB (70% of 4058 MB)
[2019.01.09-14.02.07:861][  0]LogD3D11RHI: Async texture creation enabled
[2019.01.09-14.02.07:881][  0]LogD3D11RHI: GPU Timing Frequency: 1000.000000 (Debug: 2 2)
[2019.01.09-14.02.07:884][  0]LogShaderCompilers: Guid format shader working directory is -13 characters bigger than the processId version (D:/Programmierung/Unreal Projects/BattleCode19/BattleCodeVisualizer/Intermediate/Shaders/WorkingDirectory/13588/).
[2019.01.09-14.02.07:885][  0]LogShaderCompilers: Cleaned the shader compiler working directory 'C:/Users/r.janousch.000/AppData/Local/Temp/UnrealShaderWorkingDir/16B0C17C4EEAC997B6914184BE58DA0E/'.
[2019.01.09-14.02.07:885][  0]LogShaderCompilers: Display: Using Local Shader Compiler.
[2019.01.09-14.02.09:292][  0]LogTemp: Display: Loaded TP AllDesktopTargetPlatform
[2019.01.09-14.02.09:418][  0]LogTemp: Display: Loaded TP MacClientTargetPlatform
[2019.01.09-14.02.09:546][  0]LogTemp: Display: Loaded TP MacNoEditorTargetPlatform
[2019.01.09-14.02.09:674][  0]LogTemp: Display: Loaded TP MacServerTargetPlatform
[2019.01.09-14.02.09:801][  0]LogTemp: Display: Loaded TP MacTargetPlatform
[2019.01.09-14.02.09:926][  0]LogTemp: Display: Loaded TP WindowsClientTargetPlatform
[2019.01.09-14.02.10:055][  0]LogTemp: Display: Loaded TP WindowsNoEditorTargetPlatform
[2019.01.09-14.02.10:187][  0]LogTemp: Display: Loaded TP WindowsServerTargetPlatform
[2019.01.09-14.02.10:305][  0]LogTemp: Display: Loaded TP WindowsTargetPlatform
[2019.01.09-14.02.10:429][  0]LogTemp: Display: Loaded TP Android_ASTCTargetPlatform
[2019.01.09-14.02.10:554][  0]LogTemp: Display: Loaded TP Android_ATCTargetPlatform
[2019.01.09-14.02.10:677][  0]LogTemp: Display: Loaded TP Android_DXTTargetPlatform
[2019.01.09-14.02.10:801][  0]LogTemp: Display: Loaded TP Android_ETC1TargetPlatform
[2019.01.09-14.02.10:923][  0]LogTemp: Display: Loaded TP Android_ETC2TargetPlatform
[2019.01.09-14.02.11:166][  0]LogTemp: Display: Loaded TP Android_MultiTargetPlatform
[2019.01.09-14.02.11:166][  0]LogTemp: Display: Loaded TP Android_PVRTCTargetPlatform
[2019.01.09-14.02.11:285][  0]LogTemp: Display: Loaded TP AndroidTargetPlatform
[2019.01.09-14.02.11:394][  0]LogTemp: Display: Loaded TP HTML5TargetPlatform
[2019.01.09-14.02.11:584][  0]LogTemp: Display: Loaded TP IOSTargetPlatform
[2019.01.09-14.02.11:646][  0]LogTemp: Display: Loaded TP TVOSTargetPlatform
[2019.01.09-14.02.11:763][  0]LogTemp: Display: Loaded TP LinuxClientTargetPlatform
[2019.01.09-14.02.11:879][  0]LogTemp: Display: Loaded TP LinuxNoEditorTargetPlatform
[2019.01.09-14.02.11:996][  0]LogTemp: Display: Loaded TP LinuxServerTargetPlatform
[2019.01.09-14.02.12:115][  0]LogTemp: Display: Loaded TP LinuxTargetPlatform
[2019.01.09-14.02.12:115][  0]LogTargetPlatformManager: Display: Building Assets For Windows
[2019.01.09-14.02.13:345][  0]LogDerivedDataCache: Display: Max Cache Size: 512 MB
[2019.01.09-14.02.13:454][  0]LogDerivedDataCache: Loaded boot cache 0.11s 79MB C:/Users/r.janousch.000/AppData/Local/UnrealEngine/4.18/DerivedDataCache/Boot.ddc.
[2019.01.09-14.02.13:455][  0]LogDerivedDataCache: Display: Loaded Boot cache: C:/Users/r.janousch.000/AppData/Local/UnrealEngine/4.18/DerivedDataCache/Boot.ddc
[2019.01.09-14.02.13:455][  0]LogDerivedDataCache: FDerivedDataBackendGraph:  Pak pak cache file D:/Programmierung/Unreal Projects/BattleCode19/BattleCodeVisualizer/DerivedDataCache/DDC.ddp not found, will not use a pak cache.
[2019.01.09-14.02.13:455][  0]LogDerivedDataCache: Unable to find inner node Pak for hierarchical cache Hierarchy.
[2019.01.09-14.02.13:455][  0]LogDerivedDataCache: FDerivedDataBackendGraph:  CompressedPak pak cache file D:/Programmierung/Unreal Projects/BattleCode19/BattleCodeVisualizer/DerivedDataCache/Compressed.ddp not found, will not use a pak cache.
[2019.01.09-14.02.13:455][  0]LogDerivedDataCache: Unable to find inner node CompressedPak for hierarchical cache Hierarchy.
[2019.01.09-14.02.13:473][  0]LogDerivedDataCache: Display: Pak cache opened for reading ../../../Engine/DerivedDataCache/Compressed.ddp.
[2019.01.09-14.02.13:486][  0]LogDerivedDataCache: Using Local data cache path C:/Users/r.janousch.000/AppData/Local/UnrealEngine/Common/DerivedDataCache: Writable
[2019.01.09-14.02.13:498][  0]LogMaterial: Verifying Global Shaders for PCD3D_SM5
[2019.01.09-14.02.13:499][  0]LogSlate: Using Freetype 2.6.0
[2019.01.09-14.02.13:499][  0]LogSlate: SlateFontCache - WITH_FREETYPE: 1, WITH_HARFBUZZ: 1
[2019.01.09-14.02.13:500][  0]LogSlate: SlateFontCache - WITH_FREETYPE: 1, WITH_HARFBUZZ: 1
[2019.01.09-14.02.13:971][  0]LogInit: Selected Device Profile: [Windows]
[2019.01.09-14.02.14:682][  0]LogSimplygon: Simplygon DLL not present - disabling.
[2019.01.09-14.02.14:787][  0]LogMeshReduction: Using SimplygonSwarm for distributed automatic mesh merging
[2019.01.09-14.02.14:787][  0]LogMeshReduction: Using QuadricMeshReduction for automatic static mesh reduction
[2019.01.09-14.02.14:787][  0]LogMeshReduction: No automatic skeletal mesh reduction module available
[2019.01.09-14.02.14:787][  0]LogMeshReduction: No automatic mesh merging module available
[2019.01.09-14.02.14:787][  0]LogMeshMerging: No automatic mesh merging module available
[2019.01.09-14.02.14:830][  0]LogNetVersion: BattleCodeVisualizer , NetCL: 3709383, EngineNetVer: 2, GameNetVer: 0 (Checksum: 2884881501)
[2019.01.09-14.02.15:108][  0]LogAssetRegistry: FAssetRegistry took 0.0273 seconds to start up
[2019.01.09-14.02.15:861][  0]LogPackageLocalizationCache: Processed 7 localized package path(s) for 1 prioritized culture(s) in 0.030048 seconds
[2019.01.09-14.02.15:867][  0]LogUObjectArray: 35870 objects as part of root set at end of initial load.
[2019.01.09-14.02.15:867][  0]LogUObjectAllocator: 7363696 out of 0 bytes used by permanent object pool.
[2019.01.09-14.02.15:867][  0]LogUObjectArray: CloseDisregardForGC: 0/0 objects in disregard for GC pool
[2019.01.09-14.02.16:018][  0]LogInit: WinSock: version 1.1 (2.2), MaxSocks=32767, MaxUdp=65467
[2019.01.09-14.02.21:465][  0]LogTcpMessaging: Initializing TcpMessaging bridge
[2019.01.09-14.02.21:553][  0]LogUdpMessaging: Initializing bridge on interface 0.0.0.0:0 to multicast group 230.0.0.1:6666.
[2019.01.09-14.02.23:192][  0]LogMaterial: Uniform references updated for custom material expression Custom.
[2019.01.09-14.02.24:151][  0]SourceControl: Source control is disabled
[2019.01.09-14.02.24:151][  0]SourceControl: Source control is disabled
[2019.01.09-14.02.24:282][  0]SourceControl: Source control is disabled
[2019.01.09-14.02.24:413][  0]SourceControl: Source control is disabled
[2019.01.09-14.02.26:393][  0]LogAndroidPermission: UAndroidPermissionCallbackProxy::GetInstance
[2019.01.09-14.02.27:052][  0]LogOcInput: OculusInput pre-init called
[2019.01.09-14.02.27:667][  0]LogEngine: Initializing Engine...
[2019.01.09-14.02.27:755][  0]LogHMD: SteamVR initialized.  Driver: lighthouse  Display: LHR-7BCD1BEF
[2019.01.09-14.02.28:038][  0]LogStats: UGameplayTagsManager::ConstructGameplayTagTree: Construct from data asset -  0.000 s
[2019.01.09-14.02.28:038][  0]LogStats: UGameplayTagsManager::ConstructGameplayTagTree: GameplayTagTreeChangedEvent.Broadcast -  0.000 s
[2019.01.09-14.02.28:381][  0]LogAIModule: Creating AISystem for world Untitled
[2019.01.09-14.02.28:456][  0]LogInit: XAudio2 using 'Kopfhörer (2- KOTION 3505 Stereo)' : 2 channels at 44.1 kHz using 16 bits per sample (channel mask 0x3)
[2019.01.09-14.02.28:494][  0]LogInit: FAudioDevice initialized.
[2019.01.09-14.02.28:586][  0]LogDerivedDataCache: Saved boot cache 0.09s 79MB C:/Users/r.janousch.000/AppData/Local/UnrealEngine/4.18/DerivedDataCache/Boot.ddc.
[2019.01.09-14.02.28:610][  0]LogInit: Texture streaming: Enabled
[2019.01.09-14.02.28:900][  0]LogEngineSessionManager: EngineSessionManager initialized
[2019.01.09-14.02.29:240][  0]LogInit: Transaction tracking system initialized
[2019.01.09-14.02.30:089][  0]BlueprintLog: New page: Editor Load
[2019.01.09-14.02.32:501][  0]LocalizationService: Localization service is disabled
[2019.01.09-14.02.34:683][  0]LogConsoleResponse: Display: 
[2019.01.09-14.02.35:017][  0]LogCook: Display: Max memory allowance for cook 16384mb min free memory 0mb
[2019.01.09-14.02.35:017][  0]LogCook: Display: Mobile HDR setting 1
[2019.01.09-14.02.35:017][  0]LogGameplayTags: Display: UGameplayTagsManager::DoneAddingNativeTags. DelegateIsBound: 0
[2019.01.09-14.02.35:429][  0]LogFileCache: Scanning file cache for directory 'D:/Programmierung/Unreal Projects/BattleCode19/BattleCodeVisualizer/Content/' took 0.01s
[2019.01.09-14.02.38:094][  0]SourceControl: Source control is disabled
[2019.01.09-14.02.38:094][  0]Cmd: MAP LOAD FILE="D:/Programmierung/Unreal Projects/BattleCode19/BattleCodeVisualizer/Content/TopDownBP/Maps/TopDownExampleMap.umap" TEMPLATE=0 SHOWPROGRESS=1 FEATURELEVEL=3
[2019.01.09-14.02.38:095][  0]LightingResults: New page: Lighting Build
[2019.01.09-14.02.38:205][  0]MapCheck: New page: Map Check
[2019.01.09-14.02.38:205][  0]LightingResults: New page: Lighting Build
[2019.01.09-14.02.38:530][  0]LogAIModule: Creating AISystem for world TopDownExampleMap
[2019.01.09-14.02.38:538][  0]LogEditorServer: Finished looking for orphan Actors (0.000 secs)
[2019.01.09-14.02.38:552][  0]Cmd: MAP CHECKDEP NOCLEARLOG
[2019.01.09-14.02.38:654][  0]MapCheck: Map check complete: 0 Error(s), 0 Warning(s), took 102.156ms to complete.
[2019.01.09-14.02.38:654][  0]LogFileHelpers: Loading map 'TopDownExampleMap' took 0.560
[2019.01.09-14.02.38:830][  0]LogCollectionManager: Loaded 0 collections in 0.002952 seconds
[2019.01.09-14.02.38:984][  0]LogFileCache: Scanning file cache for directory 'D:/Programmierung/Unreal Projects/BattleCode19/BattleCodeVisualizer/Saved/Collections/' took 0.01s
[2019.01.09-14.02.38:984][  0]LogFileCache: Scanning file cache for directory 'D:/Programmierung/Unreal Projects/BattleCode19/BattleCodeVisualizer/Content/Developers/rjanousch/Collections/' took 0.01s
[2019.01.09-14.02.38:984][  0]LogFileCache: Scanning file cache for directory 'D:/Programmierung/Unreal Projects/BattleCode19/BattleCodeVisualizer/Content/Collections/' took 0.01s
[2019.01.09-14.02.38:984][  0]LogCollectionManager: Rebuilt the GUID cache for 0 collections in 0.000000 seconds
[2019.01.09-14.02.38:994][  0]LogContentBrowser: Native class hierarchy populated in 0.0100 seconds. Added 2365 classes and 522 folders.
[2019.01.09-14.02.39:173][  0]LogContentBrowser: Native class hierarchy updated for 'WidgetCarousel' in 0.0010 seconds. Added 0 classes and 0 folders.
[2019.01.09-14.02.39:238][  0]LogContentBrowser: Native class hierarchy updated for 'AddContentDialog' in 0.0010 seconds. Added 0 classes and 0 folders.
[2019.01.09-14.02.39:405][  0]LogContentBrowser: Native class hierarchy updated for 'SceneOutliner' in 0.0012 seconds. Added 1 classes and 2 folders.
[2019.01.09-14.02.39:573][  0]LogDirectoryWatcher: Warning: Failed to begin reading directory changes for D:/Programmierung/Unreal Projects/BattleCode19/BattleCodeVisualizer/Plugins/. Error: Das System kann die angegebene Datei nicht finden. (0x00000002)
[2019.01.09-14.02.39:588][  0]LogSlate: Took 0.000362 seconds to synchronously load lazily loaded font '../../../Engine/Content/Slate/Fonts/Roboto-Regular.ttf' (155K)
[2019.01.09-14.02.39:593][  0]LogSlate: Took 0.000356 seconds to synchronously load lazily loaded font '../../../Engine/Content/Editor/Slate/Fonts/FontAwesome.ttf' (139K)
[2019.01.09-14.02.39:593][  0]LogSlate: Took 0.000277 seconds to synchronously load lazily loaded font '../../../Engine/Content/Slate/Fonts/Roboto-Bold.ttf' (160K)
[2019.01.09-14.02.39:598][  0]LogSlate: Took 0.000353 seconds to synchronously load lazily loaded font '../../../Engine/Content/Editor/Slate/Fonts/DroidSansMono.ttf' (77K)
[2019.01.09-14.02.39:741][  0]LogRenderer: Reallocating scene render targets to support 1160x616 Format 10 NumSamples 1 (Frame:1).
[2019.01.09-14.02.40:126][  0]LogContentBrowser: Native class hierarchy updated for 'HierarchicalLODOutliner' in 0.0010 seconds. Added 1 classes and 2 folders.
[2019.01.09-14.02.40:127][  0]LogLoad: (Engine Initialization) Total time: 39.23 seconds
[2019.01.09-14.02.40:127][  0]LogLoad: (Engine Initialization) Total Blueprint compile time: 0.00 seconds
[2019.01.09-14.02.40:127][  0]LogExternalProfiler: Found external profiler: VSPerf
[2019.01.09-14.02.40:127][  0]LogExternalProfiler: Using external profiler: VSPerf
[2019.01.09-14.02.40:175][  0]LogContentStreaming: Texture pool size now 1000 MB
[2019.01.09-14.02.40:196][  0]LogSlate: Took 0.000312 seconds to synchronously load lazily loaded font '../../../Engine/Content/Slate/Fonts/Roboto-Light.ttf' (159K)
[2019.01.09-14.02.40:288][  1]LogAssetRegistry: Asset discovery search completed in 25.2021 seconds
[2019.01.09-14.02.40:290][  1]LogCollectionManager: Rebuilt the object cache for 0 collections in 0.000001 seconds (found 0 objects)
[2019.01.09-14.02.40:290][  1]LogCollectionManager: Fixed up redirectors for 0 collections in 0.000206 seconds (updated 0 objects)
[2019.01.09-14.02.41:162][ 86]LogSlate: Took 0.000360 seconds to synchronously load lazily loaded font '../../../Engine/Content/Slate/Fonts/Roboto-Light.ttf' (159K)
[2019.01.09-14.02.41:610][ 86]LogContentBrowser: Native class hierarchy updated for 'BlueprintGraph' in 0.0014 seconds. Added 116 classes and 0 folders.
[2019.01.09-14.02.43:086][ 86]LogSlate: Took 0.000313 seconds to synchronously load lazily loaded font '../../../Engine/Content/Editor/Slate/Fonts/Roboto-BoldCondensed.ttf' (158K)
[2019.01.09-14.02.44:527][173]LogDirectoryWatcher: A directory notification for '../../../Engine/Plugins/' was aborted.
[2019.01.09-16.23.01:999][ 21]Candidate modules for hot reload:
[2019.01.09-16.23.02:000][ 21]  BattleCodeVisualizer
[2019.01.09-16.23.02:000][ 21]Launching UnrealBuildTool... [C:/Program Files/Epic/UE_4.18/Engine/Binaries/DotNET/UnrealBuildTool.exe BattleCodeVisualizer -ModuleWithSuffix BattleCodeVisualizer 7446 Win64 Development -editorrecompile -canskiplink "D:/Programmierung/Unreal Projects/BattleCode19/BattleCodeVisualizer/BattleCodeVisualizer.uproject" ]
[2019.01.09-16.23.02:003][ 21]Warning: Starting HotReload took  0.0s.
[2019.01.09-16.23.34:921][654]CompilerResultsLog: New page: Compilation - Jan 9, 2019, 6:23:34 PM
[2019.01.09-16.23.34:921][654]CompilerResultsLog: Using 'git status' to determine working set for adaptive non-unity build.
[2019.01.09-16.23.34:921][654]CompilerResultsLog: Creating makefile for hot reloading BattleCodeVisualizer (.uproject file is newer)
[2019.01.09-16.23.34:921][654]CompilerResultsLog: Compiling game modules for hot reload
[2019.01.09-16.23.34:922][654]CompilerResultsLog: Parsing headers for BattleCodeVisualizerEditor
[2019.01.09-16.23.34:922][654]CompilerResultsLog:   Running UnrealHeaderTool "D:\Programmierung\Unreal Projects\BattleCode19\BattleCodeVisualizer\BattleCodeVisualizer.uproject" "D:\Programmierung\Unreal Projects\BattleCode19\BattleCodeVisualizer\Intermediate\Build\Win64\BattleCodeVisualizerEditor\Development\BattleCodeVisualizerEditor.uhtmanifest" -LogCmds="loginit warning, logexit warning, logdatabase error" -Unattended -WarningsAsErrors -installed
[2019.01.09-16.23.34:922][654]CompilerResultsLog: Error: D:/Programmierung/Unreal Projects/BattleCode19/BattleCodeVisualizer/Source/BattleCodeVisualizer/Public/Replay.h(23)  : Error: Struct 'FMap' has an invalid Unreal prefix, expecting 'TMap'
[2019.01.09-16.23.34:923][654]CompilerResultsLog: Error: UnrealHeaderTool failed for target 'BattleCodeVisualizerEditor' (platform: Win64, module info: D:\Programmierung\Unreal Projects\BattleCode19\BattleCodeVisualizer\Intermediate\Build\Win64\BattleCodeVisualizerEditor\Development\BattleCodeVisualizerEditor.uhtmanifest, exit code: OtherCompilationError (5)).
[2019.01.09-16.23.34:923][654]LogMainFrame: MainFrame: Module compiling took 32.934 seconds
[2019.01.09-16.23.34:923][654]Warning: HotReload failed, recompile failed
[2019.01.09-16.24.36:547][782]Candidate modules for hot reload:
[2019.01.09-16.24.36:547][782]  BattleCodeVisualizer
[2019.01.09-16.24.36:548][782]Launching UnrealBuildTool... [C:/Program Files/Epic/UE_4.18/Engine/Binaries/DotNET/UnrealBuildTool.exe BattleCodeVisualizer -ModuleWithSuffix BattleCodeVisualizer 2775 Win64 Development -editorrecompile -canskiplink "D:/Programmierung/Unreal Projects/BattleCode19/BattleCodeVisualizer/BattleCodeVisualizer.uproject" ]
[2019.01.09-16.24.36:550][782]Warning: Starting HotReload took  0.0s.
[2019.01.09-16.24.55:027][258]LogTemp: Repeating last play command: Selected Viewport
[2019.01.09-16.24.55:072][258]LogBlueprintUserMessages: Early PlayInEditor Detection: Level '/Game/TopDownBP/Maps/TopDownExampleMap.TopDownExampleMap:PersistentLevel' has LevelScriptBlueprint '/Game/TopDownBP/Maps/TopDownExampleMap.TopDownExampleMap:PersistentLevel.TopDownExampleMap' with GeneratedClass '/Game/TopDownBP/Maps/TopDownExampleMap.TopDownExampleMap_C' with ClassGeneratedBy '/Game/TopDownBP/Maps/TopDownExampleMap.TopDownExampleMap:PersistentLevel.TopDownExampleMap'
[2019.01.09-16.24.55:074][258]LogPlayLevel: PlayLevel: No blueprints needed recompiling
[2019.01.09-16.24.55:074][258]PIE: New page: PIE session: TopDownExampleMap (Jan 9, 2019, 6:24:55 PM)
[2019.01.09-16.24.55:074][258]LogPlayLevel: Creating play world package: /Game/TopDownBP/Maps/UEDPIE_0_TopDownExampleMap
[2019.01.09-16.24.55:112][258]LogPlayLevel: PIE: StaticDuplicateObject took: (0.037243s)
[2019.01.09-16.24.55:113][258]LogAIModule: Creating AISystem for world TopDownExampleMap
[2019.01.09-16.24.55:114][258]LogPlayLevel: PIE: World Init took: (0.001998s)
[2019.01.09-16.24.55:114][258]LogPlayLevel: PIE: Created PIE world by copying editor world from /Game/TopDownBP/Maps/TopDownExampleMap.TopDownExampleMap to /Game/TopDownBP/Maps/UEDPIE_0_TopDownExampleMap.TopDownExampleMap (0.040085s)
[2019.01.09-16.24.55:202][258]LogInit: XAudio2 using 'Kopfhörer (2- KOTION 3505 Stereo)' : 2 channels at 44.1 kHz using 16 bits per sample (channel mask 0x3)
[2019.01.09-16.24.55:228][258]LogInit: FAudioDevice initialized.
[2019.01.09-16.24.55:275][258]LogLoad: Game class is 'TopDownGameMode_C'
[2019.01.09-16.24.55:277][258]LogWorld: Bringing World /Game/TopDownBP/Maps/UEDPIE_0_TopDownExampleMap.TopDownExampleMap up for play (max tick rate 0) at 2019.01.09-17.24.55
[2019.01.09-16.24.55:278][258]LogWorld: Bringing up level for play took: 0.002036
[2019.01.09-16.24.55:418][258]LogContentBrowser: Native class hierarchy updated for 'MovieSceneCapture' in 0.0011 seconds. Added 11 classes and 0 folders.
[2019.01.09-16.24.55:424][258]PIE: Play in editor start time for /Game/TopDownBP/Maps/UEDPIE_0_TopDownExampleMap 1.26
[2019.01.09-16.24.55:424][258]LogBlueprintUserMessages: Late PlayInEditor Detection: Level '/Game/TopDownBP/Maps/TopDownExampleMap.TopDownExampleMap:PersistentLevel' has LevelScriptBlueprint '/Game/TopDownBP/Maps/TopDownExampleMap.TopDownExampleMap:PersistentLevel.TopDownExampleMap' with GeneratedClass '/Game/TopDownBP/Maps/TopDownExampleMap.TopDownExampleMap_C' with ClassGeneratedBy '/Game/TopDownBP/Maps/TopDownExampleMap.TopDownExampleMap:PersistentLevel.TopDownExampleMap'
[2019.01.09-16.25.16:957][947]CompilerResultsLog: New page: Compilation - Jan 9, 2019, 6:25:16 PM
[2019.01.09-16.25.16:957][947]CompilerResultsLog: Using 'git status' to determine working set for adaptive non-unity build.
[2019.01.09-16.25.16:957][947]CompilerResultsLog: Creating makefile for hot reloading BattleCodeVisualizer (.uproject file is newer)
[2019.01.09-16.25.16:958][947]CompilerResultsLog: Compiling game modules for hot reload
[2019.01.09-16.25.16:958][947]CompilerResultsLog: Parsing headers for BattleCodeVisualizerEditor
[2019.01.09-16.25.16:958][947]CompilerResultsLog:   Running UnrealHeaderTool "D:\Programmierung\Unreal Projects\BattleCode19\BattleCodeVisualizer\BattleCodeVisualizer.uproject" "D:\Programmierung\Unreal Projects\BattleCode19\BattleCodeVisualizer\Intermediate\Build\Win64\BattleCodeVisualizerEditor\Development\BattleCodeVisualizerEditor.uhtmanifest" -LogCmds="loginit warning, logexit warning, logdatabase error" -Unattended -WarningsAsErrors -installed
[2019.01.09-16.25.16:958][947]CompilerResultsLog: Reflection code generated for BattleCodeVisualizerEditor in 18.343408 seconds
[2019.01.09-16.25.16:958][947]CompilerResultsLog: Performing 7 actions (4 in parallel)
[2019.01.09-16.25.16:959][947]CompilerResultsLog: Replay.cpp
[2019.01.09-16.25.16:959][947]CompilerResultsLog: ReadReplayFile.gen.cpp
[2019.01.09-16.25.16:959][947]CompilerResultsLog: BattleCodeVisualizer.init.gen.cpp
[2019.01.09-16.25.16:959][947]CompilerResultsLog: ReadReplayFile.cpp
[2019.01.09-16.25.16:959][947]CompilerResultsLog: Replay.gen.cpp
[2019.01.09-16.25.16:959][947]CompilerResultsLog: Error: C:\Program Files\Epic\UE_4.18\Engine\Source\Runtime\CoreUObject\Public\UObject/Class.h(562) : error C2512: "FRow::FRow": Kein geeigneter Standardkonstruktor verf?gbar
[2019.01.09-16.25.16:959][947]CompilerResultsLog: Error: C:\Program Files\Epic\UE_4.18\Engine\Source\Runtime\CoreUObject\Public\UObject/Class.h(928) : note: Siehe Verweis auf die Instanziierung der gerade kompilierten Funktions-template "void ConstructWithNoInitOrNot<CPPSTRUCT>(void *)".
[2019.01.09-16.25.16:960][947]CompilerResultsLog:         with
[2019.01.09-16.25.16:960][947]CompilerResultsLog:         [
[2019.01.09-16.25.16:960][947]CompilerResultsLog:             CPPSTRUCT=FRow
[2019.01.09-16.25.16:960][947]CompilerResultsLog:         ]
[2019.01.09-16.25.16:960][947]CompilerResultsLog: Error: C:\Program Files\Epic\UE_4.18\Engine\Source\Runtime\CoreUObject\Public\UObject/Class.h(924) : note: Bei der Kompilierung der Klassen-template der "void UScriptStruct::TCppStructOps<FRow>::Construct(void *)"-Memberfunktion
[2019.01.09-16.25.16:960][947]CompilerResultsLog: Error: D:\Programmierung\Unreal Projects\BattleCode19\BattleCodeVisualizer\Intermediate\Build\Win64\UE4Editor\Inc\BattleCodeVisualizer\Replay.gen.cpp(251) : note: Siehe Verweis auf die Instanziierung der gerade kompilierten Klassen-template "UScriptStruct::TCppStructOps<FRow>".
[2019.01.09-16.25.16:961][947]CompilerResultsLog: Error: C:\Program Files\Epic\UE_4.18\Engine\Source\Runtime\CoreUObject\Public\UObject/Class.h(562) : error C2512: "FBCMap::FBCMap": Kein geeigneter Standardkonstruktor verf?gbar
[2019.01.09-16.25.16:961][947]CompilerResultsLog: Error: C:\Program Files\Epic\UE_4.18\Engine\Source\Runtime\CoreUObject\Public\UObject/Class.h(928) : note: Siehe Verweis auf die Instanziierung der gerade kompilierten Funktions-template "void ConstructWithNoInitOrNot<CPPSTRUCT>(void *)".
[2019.01.09-16.25.16:961][947]CompilerResultsLog:         with
[2019.01.09-16.25.16:961][947]CompilerResultsLog:         [
[2019.01.09-16.25.16:961][947]CompilerResultsLog:             CPPSTRUCT=FBCMap
[2019.01.09-16.25.16:961][947]CompilerResultsLog:         ]
[2019.01.09-16.25.16:961][947]CompilerResultsLog: Error: C:\Program Files\Epic\UE_4.18\Engine\Source\Runtime\CoreUObject\Public\UObject/Class.h(924) : note: Bei der Kompilierung der Klassen-template der "void UScriptStruct::TCppStructOps<FBCMap>::Construct(void *)"-Memberfunktion
[2019.01.09-16.25.16:962][947]CompilerResultsLog: Error: D:\Programmierung\Unreal Projects\BattleCode19\BattleCodeVisualizer\Intermediate\Build\Win64\UE4Editor\Inc\BattleCodeVisualizer\Replay.gen.cpp(186) : note: Siehe Verweis auf die Instanziierung der gerade kompilierten Klassen-template "UScriptStruct::TCppStructOps<FBCMap>".
[2019.01.09-16.25.16:962][947]CompilerResultsLog: ERROR: UBT ERROR: Failed to produce item: D:\Programmierung\Unreal Projects\BattleCode19\BattleCodeVisualizer\Binaries\Win64\UE4Editor-BattleCodeVisualizer-2775.dll
[2019.01.09-16.25.16:962][947]CompilerResultsLog: Total build time: 39.98 seconds (Local executor: 0.00 seconds)
[2019.01.09-16.25.16:963][947]LogMainFrame: MainFrame: Module compiling took 40.423 seconds
[2019.01.09-16.25.16:963][947]Warning: HotReload failed, recompile failed
[2019.01.09-16.25.19:653][164]LogBlueprintUserMessages: Early EndPlayMap Detection: Level '/Game/TopDownBP/Maps/TopDownExampleMap.TopDownExampleMap:PersistentLevel' has LevelScriptBlueprint '/Game/TopDownBP/Maps/TopDownExampleMap.TopDownExampleMap:PersistentLevel.TopDownExampleMap' with GeneratedClass '/Game/TopDownBP/Maps/TopDownExampleMap.TopDownExampleMap_C' with ClassGeneratedBy '/Game/TopDownBP/Maps/TopDownExampleMap.TopDownExampleMap:PersistentLevel.TopDownExampleMap'
[2019.01.09-16.25.19:685][164]LogBlueprintUserMessages: Late EndPlayMap Detection: Level '/Game/TopDownBP/Maps/TopDownExampleMap.TopDownExampleMap:PersistentLevel' has LevelScriptBlueprint '/Game/TopDownBP/Maps/TopDownExampleMap.TopDownExampleMap:PersistentLevel.TopDownExampleMap' with GeneratedClass '/Game/TopDownBP/Maps/TopDownExampleMap.TopDownExampleMap_C' with ClassGeneratedBy '/Game/TopDownBP/Maps/TopDownExampleMap.TopDownExampleMap:PersistentLevel.TopDownExampleMap'
[2019.01.09-16.25.44:416][288]Candidate modules for hot reload:
[2019.01.09-16.25.44:416][288]  BattleCodeVisualizer
[2019.01.09-16.25.44:416][288]Launching UnrealBuildTool... [C:/Program Files/Epic/UE_4.18/Engine/Binaries/DotNET/UnrealBuildTool.exe BattleCodeVisualizer -ModuleWithSuffix BattleCodeVisualizer 9133 Win64 Development -editorrecompile -canskiplink "D:/Programmierung/Unreal Projects/BattleCode19/BattleCodeVisualizer/BattleCodeVisualizer.uproject" ]
[2019.01.09-16.25.44:419][288]Warning: Starting HotReload took  0.0s.
[2019.01.09-16.25.47:592][349]CompilerResultsLog: New page: Compilation - Jan 9, 2019, 6:25:47 PM
[2019.01.09-16.25.47:592][349]CompilerResultsLog: Using 'git status' to determine working set for adaptive non-unity build.
[2019.01.09-16.25.47:601][349]CompilerResultsLog: Compiling game modules for hot reload
[2019.01.09-16.25.47:601][349]CompilerResultsLog: Performing 3 actions (4 in parallel)
[2019.01.09-16.25.47:601][349]CompilerResultsLog: Replay.gen.cpp
[2019.01.09-16.25.47:602][349]CompilerResultsLog: Error: C:\Program Files\Epic\UE_4.18\Engine\Source\Runtime\CoreUObject\Public\UObject/Class.h(562) : error C2512: "FRow::FRow": Kein geeigneter Standardkonstruktor verf?gbar
[2019.01.09-16.25.47:602][349]CompilerResultsLog: Error: C:\Program Files\Epic\UE_4.18\Engine\Source\Runtime\CoreUObject\Public\UObject/Class.h(928) : note: Siehe Verweis auf die Instanziierung der gerade kompilierten Funktions-template "void ConstructWithNoInitOrNot<CPPSTRUCT>(void *)".
[2019.01.09-16.25.47:602][349]CompilerResultsLog:         with
[2019.01.09-16.25.47:602][349]CompilerResultsLog:         [
[2019.01.09-16.25.47:603][349]CompilerResultsLog:             CPPSTRUCT=FRow
[2019.01.09-16.25.47:603][349]CompilerResultsLog:         ]
[2019.01.09-16.25.47:603][349]CompilerResultsLog: Error: C:\Program Files\Epic\UE_4.18\Engine\Source\Runtime\CoreUObject\Public\UObject/Class.h(924) : note: Bei der Kompilierung der Klassen-template der "void UScriptStruct::TCppStructOps<FRow>::Construct(void *)"-Memberfunktion
[2019.01.09-16.25.47:604][349]CompilerResultsLog: Error: D:\Programmierung\Unreal Projects\BattleCode19\BattleCodeVisualizer\Intermediate\Build\Win64\UE4Editor\Inc\BattleCodeVisualizer\Replay.gen.cpp(251) : note: Siehe Verweis auf die Instanziierung der gerade kompilierten Klassen-template "UScriptStruct::TCppStructOps<FRow>".
[2019.01.09-16.25.47:604][349]CompilerResultsLog: Error: C:\Program Files\Epic\UE_4.18\Engine\Source\Runtime\CoreUObject\Public\UObject/Class.h(562) : error C2512: "FBCMap::FBCMap": Kein geeigneter Standardkonstruktor verf?gbar
[2019.01.09-16.25.47:605][349]CompilerResultsLog: Error: C:\Program Files\Epic\UE_4.18\Engine\Source\Runtime\CoreUObject\Public\UObject/Class.h(928) : note: Siehe Verweis auf die Instanziierung der gerade kompilierten Funktions-template "void ConstructWithNoInitOrNot<CPPSTRUCT>(void *)".
[2019.01.09-16.25.47:605][349]CompilerResultsLog:         with
[2019.01.09-16.25.47:605][349]CompilerResultsLog:         [
[2019.01.09-16.25.47:605][349]CompilerResultsLog:             CPPSTRUCT=FBCMap
[2019.01.09-16.25.47:608][349]CompilerResultsLog:         ]
[2019.01.09-16.25.47:608][349]CompilerResultsLog: Error: C:\Program Files\Epic\UE_4.18\Engine\Source\Runtime\CoreUObject\Public\UObject/Class.h(924) : note: Bei der Kompilierung der Klassen-template der "void UScriptStruct::TCppStructOps<FBCMap>::Construct(void *)"-Memberfunktion
[2019.01.09-16.25.47:608][349]CompilerResultsLog: Error: D:\Programmierung\Unreal Projects\BattleCode19\BattleCodeVisualizer\Intermediate\Build\Win64\UE4Editor\Inc\BattleCodeVisualizer\Replay.gen.cpp(186) : note: Siehe Verweis auf die Instanziierung der gerade kompilierten Klassen-template "UScriptStruct::TCppStructOps<FBCMap>".
[2019.01.09-16.25.47:609][349]CompilerResultsLog: ERROR: UBT ERROR: Failed to produce item: D:\Programmierung\Unreal Projects\BattleCode19\BattleCodeVisualizer\Binaries\Win64\UE4Editor-BattleCodeVisualizer-9133.dll
[2019.01.09-16.25.47:609][349]CompilerResultsLog: Total build time: 2.66 seconds (Local executor: 0.00 seconds)
[2019.01.09-16.25.47:609][349]LogMainFrame: MainFrame: Module compiling took 3.202 seconds
[2019.01.09-16.25.47:610][349]Warning: HotReload failed, recompile failed
[2019.01.09-16.26.26:845][514]Candidate modules for hot reload:
[2019.01.09-16.26.26:845][514]  BattleCodeVisualizer
[2019.01.09-16.26.26:846][514]Launching UnrealBuildTool... [C:/Program Files/Epic/UE_4.18/Engine/Binaries/DotNET/UnrealBuildTool.exe BattleCodeVisualizer -ModuleWithSuffix BattleCodeVisualizer 7918 Win64 Development -editorrecompile -canskiplink "D:/Programmierung/Unreal Projects/BattleCode19/BattleCodeVisualizer/BattleCodeVisualizer.uproject" ]
[2019.01.09-16.26.26:848][514]Warning: Starting HotReload took  0.0s.
[2019.01.09-16.26.43:511][641]CompilerResultsLog: New page: Compilation - Jan 9, 2019, 6:26:43 PM
[2019.01.09-16.26.43:511][641]CompilerResultsLog: Using 'git status' to determine working set for adaptive non-unity build.
[2019.01.09-16.26.43:511][641]CompilerResultsLog: Compiling game modules for hot reload
[2019.01.09-16.26.43:511][641]CompilerResultsLog: Parsing headers for BattleCodeVisualizerEditor
[2019.01.09-16.26.43:512][641]CompilerResultsLog:   Running UnrealHeaderTool "D:\Programmierung\Unreal Projects\BattleCode19\BattleCodeVisualizer\BattleCodeVisualizer.uproject" "D:\Programmierung\Unreal Projects\BattleCode19\BattleCodeVisualizer\Intermediate\Build\Win64\BattleCodeVisualizerEditor\Development\BattleCodeVisualizerEditor.uhtmanifest" -LogCmds="loginit warning, logexit warning, logdatabase error" -Unattended -WarningsAsErrors -installed
[2019.01.09-16.26.43:512][641]CompilerResultsLog: Reflection code generated for BattleCodeVisualizerEditor in 10.9470282 seconds
[2019.01.09-16.26.43:512][641]CompilerResultsLog: Performing 6 actions (4 in parallel)
[2019.01.09-16.26.43:512][641]CompilerResultsLog: ReadReplayFile.cpp
[2019.01.09-16.26.43:512][641]CompilerResultsLog: ReadReplayFile.gen.cpp
[2019.01.09-16.26.43:512][641]CompilerResultsLog: Replay.cpp
[2019.01.09-16.26.43:513][641]CompilerResultsLog: Replay.gen.cpp
[2019.01.09-16.26.43:513][641]CompilerResultsLog: [5/6] Link UE4Editor-BattleCodeVisualizer-7918.dll
[2019.01.09-16.26.43:513][641]CompilerResultsLog: [6/6] Link UE4Editor-BattleCodeVisualizer-7918.lib
[2019.01.09-16.26.43:513][641]CompilerResultsLog:    Bibliothek "D:\Programmierung\Unreal Projects\BattleCode19\BattleCodeVisualizer\Intermediate\Build\Win64\UE4Editor\Development\UE4Editor-BattleCodeVisualizer-7918.lib" und Objekt "D:\Programmierung\Unreal Projects\BattleCode19\BattleCodeVisualizer\Intermediate\Build\Win64\UE4Editor\Development\UE4Editor-BattleCodeVisualizer-7918.exp" werden erstellt.
[2019.01.09-16.26.43:514][641]CompilerResultsLog:    Bibliothek "D:\Programmierung\Unreal Projects\BattleCode19\BattleCodeVisualizer\Intermediate\Build\Win64\UE4Editor\Development\UE4Editor-BattleCodeVisualizer-7918.suppressed.lib" und Objekt "D:\Programmierung\Unreal Projects\BattleCode19\BattleCodeVisualizer\Intermediate\Build\Win64\UE4Editor\Development\UE4Editor-BattleCodeVisualizer-7918.suppressed.exp" werden erstellt.
[2019.01.09-16.26.43:514][641]CompilerResultsLog: Total build time: 16.15 seconds (Local executor: 2.75 seconds)
[2019.01.09-16.26.43:514][641]LogMainFrame: MainFrame: Module compiling took 16.678 seconds
[2019.01.09-16.26.43:665][641]LogClass: Could not find existing class Replay in package /Script/BattleCodeVisualizer for HotReload, assuming new class
[2019.01.09-16.26.43:665][641]LogClass: Function GetNumberOfTurns is new.
[2019.01.09-16.26.43:665][641]LogClass: Function GetRandom is new.
[2019.01.09-16.26.43:665][641]LogClass: Function GetTurn is new.
[2019.01.09-16.26.43:665][641]LogClass: Function MakeMap is new.
[2019.01.09-16.26.43:665][641]LogClass: ActionRecord HotReload.
[2019.01.09-16.26.43:671][641]LogHotReload: Re-instancing Replay after hot-reload.
[2019.01.09-16.26.43:781][641]LogContentBrowser: Native class hierarchy updated for 'BattleCodeVisualizer' in 0.0018 seconds. Added 2 classes and 3 folders.
[2019.01.09-16.26.43:786][641]Display: HotReload successful (2 functions remapped  3 scriptstructs remapped)
[2019.01.09-16.26.44:195][641]LogContentBrowser: Native class hierarchy populated in 0.0112 seconds. Added 2367 classes and 526 folders.
[2019.01.09-16.26.44:195][641]Display: HotReload took 17.4s.
[2019.01.09-16.26.56:823][276]LogSlate: Took 0.000285 seconds to synchronously load lazily loaded font '../../../Engine/Content/Editor/Slate/Fonts/Roboto-Italic.ttf' (157K)
[2019.01.09-16.27.23:424][432]LogSlate: Took 0.000288 seconds to synchronously load lazily loaded font '../../../Engine/Content/Editor/Slate/Fonts/Roboto-BoldCondensedItalic.ttf' (160K)
[2019.01.09-16.27.36:087][419]BlueprintLog: New page: Compile WB_Replay
[2019.01.09-16.27.36:876][462]LogD3D11RHI: Error: Result failed 
 at D:\Build\++UE4+Release-4.18+Compile\Sync\Engine\Source\Runtime\Windows\D3D11RHI\Private\D3D11Viewport.cpp:289 
 with error E_INVALIDARG
[2019.01.09-16.27.36:876][462]LogWindows: Windows GetLastError: Der Vorgang wurde erfolgreich beendet. (0)
[2019.01.09-16.27.39:092][462]LogWindows: Windows GetLastError: Der Vorgang wurde erfolgreich beendet. (0)
[2019.01.09-16.27.39:092][462]LogWindows: Error: === Critical error: ===
[2019.01.09-16.27.39:092][462]LogWindows: Error: 
[2019.01.09-16.27.39:092][462]LogWindows: Error: Fatal error: [File:D:\Build\++UE4+Release-4.18+Compile\Sync\Engine\Source\Runtime\RenderCore\Private\RenderingThread.cpp] [Line: 813] 
[2019.01.09-16.27.39:092][462]LogWindows: Error: Rendering thread exception:
[2019.01.09-16.27.39:092][462]LogWindows: Error: Fatal error: [File:D:\Build\++UE4+Release-4.18+Compile\Sync\Engine\Source\Runtime\Windows\D3D11RHI\Private\D3D11Util.cpp] [Line: 233] 
[2019.01.09-16.27.39:092][462]LogWindows: Error: Result failed 
[2019.01.09-16.27.39:092][462]LogWindows: Error:  at D:\Build\++UE4+Release-4.18+Compile\Sync\Engine\Source\Runtime\Windows\D3D11RHI\Private\D3D11Viewport.cpp:289 
[2019.01.09-16.27.39:092][462]LogWindows: Error:  with error E_INVALIDARG
[2019.01.09-16.27.39:092][462]LogWindows: Error: 
[2019.01.09-16.27.39:092][462]LogWindows: Error: 
[2019.01.09-16.27.39:092][462]LogWindows: Error: [Callstack] 0x0000000074BB5299 KERNELBASE.dll!UnknownFunction []
[2019.01.09-16.27.39:092][462]LogWindows: Error: [Callstack] 0x00000000510C76D4 UE4Editor-ApplicationCore.dll!UnknownFunction []
[2019.01.09-16.27.39:092][462]LogWindows: Error: [Callstack] 0x000000000C53330B UE4Editor-Core.dll!UnknownFunction []
[2019.01.09-16.27.39:092][462]LogWindows: Error: [Callstack] 0x000000000C4C47F9 UE4Editor-Core.dll!UnknownFunction []
[2019.01.09-16.27.39:092][462]LogWindows: Error: [Callstack] 0x00000000FFF4BD76 UE4Editor-D3D11RHI.dll!UnknownFunction []
[2019.01.09-16.27.39:092][462]LogWindows: Error: [Callstack] 0x00000000FFF2B3FA UE4Editor-D3D11RHI.dll!UnknownFunction []
[2019.01.09-16.27.39:092][462]LogWindows: Error: [Callstack] 0x00000000FFF2B35E UE4Editor-D3D11RHI.dll!UnknownFunction []
[2019.01.09-16.27.39:092][462]LogWindows: Error: [Callstack] 0x00000000FFF383E8 UE4Editor-D3D11RHI.dll!UnknownFunction []
[2019.01.09-16.27.39:092][462]LogWindows: Error: [Callstack] 0x000000005358E4F7 UE4Editor-RHI.dll!UnknownFunction []
[2019.01.09-16.27.39:092][462]LogWindows: Error: [Callstack] 0x00000000FFD10B45 UE4Editor-SlateRHIRenderer.dll!UnknownFunction []
[2019.01.09-16.27.39:092][462]LogWindows: Error: [Callstack] 0x00000000FFD160A9 UE4Editor-SlateRHIRenderer.dll!UnknownFunction []
[2019.01.09-16.27.39:092][462]LogWindows: Error: [Callstack] 0x000000000C394845 UE4Editor-Core.dll!UnknownFunction []
[2019.01.09-16.27.39:092][462]LogWindows: Error: [Callstack] 0x000000000C394E2A UE4Editor-Core.dll!UnknownFunction []
[2019.01.09-16.27.39:092][462]LogWindows: Error: [Callstack] 0x00000000549622C4 UE4Editor-RenderCore.dll!UnknownFunction []
[2019.01.09-16.27.39:092][462]LogWindows: Error: [Callstack] 0x00000000549632F6 UE4Editor-RenderCore.dll!UnknownFunction []
[2019.01.09-16.27.39:093][462]LogWindows: Error: [Callstack] 0x000000000C73092C UE4Editor-Core.dll!UnknownFunction []
[2019.01.09-16.27.39:093][462]LogWindows: Error: [Callstack] 0x000000000C722563 UE4Editor-Core.dll!UnknownFunction []
[2019.01.09-16.27.39:093][462]LogWindows: Error: [Callstack] 0x0000000076AE7E94 KERNEL32.DLL!UnknownFunction []
[2019.01.09-16.27.39:093][462]LogWindows: Error: [Callstack] 0x0000000077DEA251 ntdll.dll!UnknownFunction []
[2019.01.09-16.27.39:093][462]LogWindows: Error: [Callstack] 0x0000000077DEA251 ntdll.dll!UnknownFunction []
[2019.01.09-16.27.39:093][462]LogWindows: Error: 
[2019.01.09-16.27.39:093][462]LogWindows: Error: 
[2019.01.09-16.27.39:093][462]LogWindows: Error: 
[2019.01.09-16.27.39:093][462]LogWindows: Error: 
[2019.01.09-16.27.39:113][462]LogExit: Executing StaticShutdownAfterError
[2019.01.09-16.27.39:118][462]LogWindows: FPlatformMisc::RequestExit(1)
[2019.01.09-16.27.39:118][462]Log file closed, 01/09/19 17:27:39
